# JRE version: Java(TM) SE Runtime Environment (8.0_101-b13) (build 1.8.0_101-b13)
# Java VM: Java HotSpot(TM) 64-Bit Server VM (25.101-b13 mixed mode windows-amd64 compressed oops)
Heap:
 PSYoungGen      total 968192K, used 768151K [0x000000076ab00000, 0x00000007c0000000, 0x00000007c0000000)
  eden space 658432K, 69% used [0x000000076ab00000,0x0000000786aaa838,0x0000000792e00000)
  from space 309760K, 99% used [0x00000007a9100000,0x00000007bbf7b798,0x00000007bbf80000)
  to   space 363520K, 0% used [0x0000000792e00000,0x0000000792e00000,0x00000007a9100000)
 ParOldGen       total 960000K, used 648892K [0x00000006c0000000, 0x00000006fa980000, 0x000000076ab00000)
  object space 960000K, 67% used [0x00000006c0000000,0x00000006e79af0d0,0x00000006fa980000)
 Metaspace       used 7027K, capacity 7608K, committed 7936K, reserved 1056768K
  class space    used 647K, capacity 688K, committed 768K, reserved 1048576K
GC Heap History (10 events):
Event: 43.724 GC heap before
{Heap before GC invocations=21 (full 4):
 PSYoungGen      total 763392K, used 763384K [0x000000076ab00000, 0x00000007b0c00000, 0x00000007c0000000)
  eden space 585216K, 100% used [0x000000076ab00000,0x000000078e680000,0x000000078e680000)
  from space 178176K, 99% used [0x000000079d280000,0x00000007a807e340,0x00000007a8080000)
  to   space 241664K, 0% used [0x000000078e680000,0x000000078e680000,0x000000079d280000)
 ParOldGen       total 593920K, used 475180K [0x00000006c0000000, 0x00000006e4400000, 0x000000076ab00000)
  object space 593920K, 80% used [0x00000006c0000000,0x00000006dd00b2a0,0x00000006e4400000)
 Metaspace       used 6688K, capacity 7320K, committed 7680K, reserved 1056768K
  class space    used 629K, capacity 656K, committed 768K, reserved 1048576K
Event: 44.426 GC heap after
Heap after GC invocations=21 (full 4):
 PSYoungGen      total 826880K, used 143189K [0x000000076ab00000, 0x00000007b1c00000, 0x00000007c0000000)
  eden space 585216K, 0% used [0x000000076ab00000,0x000000076ab00000,0x000000078e680000)
  from space 241664K, 59% used [0x000000078e680000,0x0000000797255670,0x000000079d280000)
  to   space 247296K, 0% used [0x00000007a2a80000,0x00000007a2a80000,0x00000007b1c00000)
 ParOldGen       total 645632K, used 645481K [0x00000006c0000000, 0x00000006e7680000, 0x000000076ab00000)
  object space 645632K, 99% used [0x00000006c0000000,0x00000006e765a478,0x00000006e7680000)
 Metaspace       used 6688K, capacity 7320K, committed 7680K, reserved 1056768K
  class space    used 629K, capacity 656K, committed 768K, reserved 1048576K
}
Event: 44.426 GC heap before
{Heap before GC invocations=22 (full 5):
 PSYoungGen      total 826880K, used 143189K [0x000000076ab00000, 0x00000007b1c00000, 0x00000007c0000000)
  eden space 585216K, 0% used [0x000000076ab00000,0x000000076ab00000,0x000000078e680000)
  from space 241664K, 59% used [0x000000078e680000,0x0000000797255670,0x000000079d280000)
  to   space 247296K, 0% used [0x00000007a2a80000,0x00000007a2a80000,0x00000007b1c00000)
 ParOldGen       total 645632K, used 645481K [0x00000006c0000000, 0x00000006e7680000, 0x000000076ab00000)
  object space 645632K, 99% used [0x00000006c0000000,0x00000006e765a478,0x00000006e7680000)
 Metaspace       used 6688K, capacity 7320K, committed 7680K, reserved 1056768K
  class space    used 629K, capacity 656K, committed 768K, reserved 1048576K
Event: 50.514 GC heap after
Heap after GC invocations=22 (full 5):
 PSYoungGen      total 826880K, used 86521K [0x000000076ab00000, 0x00000007b1c00000, 0x00000007c0000000)
  eden space 585216K, 0% used [0x000000076ab00000,0x000000076ab00000,0x000000078e680000)
  from space 241664K, 35% used [0x000000078e680000,0x0000000793afe7b8,0x000000079d280000)
  to   space 247296K, 0% used [0x00000007a2a80000,0x00000007a2a80000,0x00000007b1c00000)
 ParOldGen       total 960000K, used 645605K [0x00000006c0000000, 0x00000006fa980000, 0x000000076ab00000)
  object space 960000K, 67% used [0x00000006c0000000,0x00000006e76795b8,0x00000006fa980000)
 Metaspace       used 6688K, capacity 7320K, committed 7680K, reserved 1056768K
  class space    used 629K, capacity 656K, committed 768K, reserved 1048576K
}
Event: 52.769 GC heap before
{Heap before GC invocations=23 (full 5):
 PSYoungGen      total 826880K, used 671737K [0x000000076ab00000, 0x00000007b1c00000, 0x00000007c0000000)
  eden space 585216K, 100% used [0x000000076ab00000,0x000000078e680000,0x000000078e680000)
  from space 241664K, 35% used [0x000000078e680000,0x0000000793afe7b8,0x000000079d280000)
  to   space 247296K, 0% used [0x00000007a2a80000,0x00000007a2a80000,0x00000007b1c00000)
 ParOldGen       total 960000K, used 645605K [0x00000006c0000000, 0x00000006fa980000, 0x000000076ab00000)
  object space 960000K, 67% used [0x00000006c0000000,0x00000006e76795b8,0x00000006fa980000)
 Metaspace       used 6688K, capacity 7320K, committed 7680K, reserved 1056768K
  class space    used 629K, capacity 656K, committed 768K, reserved 1048576K
Event: 53.286 GC heap after
Heap after GC invocations=23 (full 5):
 PSYoungGen      total 879616K, used 232939K [0x000000076ab00000, 0x00000007b5a00000, 0x00000007c0000000)
  eden space 632320K, 0% used [0x000000076ab00000,0x000000076ab00000,0x0000000791480000)
  from space 247296K, 94% used [0x00000007a2a80000,0x00000007b0dfaf38,0x00000007b1c00000)
  to   space 284672K, 0% used [0x0000000791480000,0x0000000791480000,0x00000007a2a80000)
 ParOldGen       total 960000K, used 645605K [0x00000006c0000000, 0x00000006fa980000, 0x000000076ab00000)
  object space 960000K, 67% used [0x00000006c0000000,0x00000006e76795b8,0x00000006fa980000)
 Metaspace       used 6688K, capacity 7320K, committed 7680K, reserved 1056768K
  class space    used 629K, capacity 656K, committed 768K, reserved 1048576K
}
Event: 54.981 GC heap before
{Heap before GC invocations=24 (full 5):
 PSYoungGen      total 879616K, used 865259K [0x000000076ab00000, 0x00000007b5a00000, 0x00000007c0000000)
  eden space 632320K, 100% used [0x000000076ab00000,0x0000000791480000,0x0000000791480000)
  from space 247296K, 94% used [0x00000007a2a80000,0x00000007b0dfaf38,0x00000007b1c00000)
  to   space 284672K, 0% used [0x0000000791480000,0x0000000791480000,0x00000007a2a80000)
 ParOldGen       total 960000K, used 645605K [0x00000006c0000000, 0x00000006fa980000, 0x000000076ab00000)
  object space 960000K, 67% used [0x00000006c0000000,0x00000006e76795b8,0x00000006fa980000)
 Metaspace       used 6745K, capacity 7320K, committed 7680K, reserved 1056768K
  class space    used 633K, capacity 656K, committed 768K, reserved 1048576K
Event: 55.354 GC heap after
Heap after GC invocations=24 (full 5):
 PSYoungGen      total 916992K, used 221609K [0x000000076ab00000, 0x00000007bbf80000, 0x00000007c0000000)
  eden space 632320K, 0% used [0x000000076ab00000,0x000000076ab00000,0x0000000791480000)
  from space 284672K, 77% used [0x0000000791480000,0x000000079ecea7d8,0x00000007a2a80000)
  to   space 309760K, 0% used [0x00000007a9100000,0x00000007a9100000,0x00000007bbf80000)
 ParOldGen       total 960000K, used 645605K [0x00000006c0000000, 0x00000006fa980000, 0x000000076ab00000)
  object space 960000K, 67% used [0x00000006c0000000,0x00000006e76795b8,0x00000006fa980000)
 Metaspace       used 6745K, capacity 7320K, committed 7680K, reserved 1056768K
  class space    used 633K, capacity 656K, committed 768K, reserved 1048576K
}
Event: 57.754 GC heap before
{Heap before GC invocations=25 (full 5):
 PSYoungGen      total 916992K, used 853929K [0x000000076ab00000, 0x00000007bbf80000, 0x00000007c0000000)
  eden space 632320K, 100% used [0x000000076ab00000,0x0000000791480000,0x0000000791480000)
  from space 284672K, 77% used [0x0000000791480000,0x000000079ecea7d8,0x00000007a2a80000)
  to   space 309760K, 0% used [0x00000007a9100000,0x00000007a9100000,0x00000007bbf80000)
 ParOldGen       total 960000K, used 645605K [0x00000006c0000000, 0x00000006fa980000, 0x000000076ab00000)
  object space 960000K, 67% used [0x00000006c0000000,0x00000006e76795b8,0x00000006fa980000)
 Metaspace       used 6796K, capacity 7384K, committed 7680K, reserved 1056768K
  class space    used 635K, capacity 656K, committed 768K, reserved 1048576K
Event: 58.378 GC heap after
Heap after GC invocations=25 (full 5):
 PSYoungGen      total 968192K, used 309741K [0x000000076ab00000, 0x00000007c0000000, 0x00000007c0000000)
  eden space 658432K, 0% used [0x000000076ab00000,0x000000076ab00000,0x0000000792e00000)
  from space 309760K, 99% used [0x00000007a9100000,0x00000007bbf7b798,0x00000007bbf80000)
  to   space 363520K, 0% used [0x0000000792e00000,0x0000000792e00000,0x00000007a9100000)
 ParOldGen       total 960000K, used 648892K [0x00000006c0000000, 0x00000006fa980000, 0x000000076ab00000)
  object space 960000K, 67% used [0x00000006c0000000,0x00000006e79af0d0,0x00000006fa980000)
 Metaspace       used 6796K, capacity 7384K, committed 7680K, reserved 1056768K
  class space    used 635K, capacity 656K, committed 768K, reserved 1048576K
}

