# JRE version: Java(TM) SE Runtime Environment (8.0_101-b13) (build 1.8.0_101-b13)
# Java VM: Java HotSpot(TM) 64-Bit Server VM (25.101-b13 mixed mode windows-amd64 compressed oops)
Heap:
 PSYoungGen      total 1013760K, used 923723K [0x000000076ab00000, 0x00000007c0000000, 0x00000007c0000000)
  eden space 629760K, 85% used [0x000000076ab00000,0x000000078ba13c00,0x0000000791200000)
  from space 384000K, 99% used [0x0000000791200000,0x00000007a88ff260,0x00000007a8900000)
  to   space 384000K, 0% used [0x00000007a8900000,0x00000007a8900000,0x00000007c0000000)
 ParOldGen       total 913408K, used 727694K [0x00000006c0000000, 0x00000006f7c00000, 0x000000076ab00000)
  object space 913408K, 79% used [0x00000006c0000000,0x00000006ec6a38d8,0x00000006f7c00000)
 Metaspace       used 7059K, capacity 7608K, committed 7936K, reserved 1056768K
  class space    used 647K, capacity 688K, committed 768K, reserved 1048576K
GC Heap History (10 events):
Event: 38.255 GC heap before
{Heap before GC invocations=22 (full 5):
 PSYoungGen      total 767488K, used 216060K [0x000000076ab00000, 0x00000007b6c80000, 0x00000007c0000000)
  eden space 551424K, 0% used [0x000000076ab00000,0x000000076ab00000,0x000000078c580000)
  from space 216064K, 99% used [0x000000078c580000,0x000000079987f2c8,0x0000000799880000)
  to   space 308736K, 0% used [0x00000007a3f00000,0x00000007a3f00000,0x00000007b6c80000)
 ParOldGen       total 606208K, used 581297K [0x00000006c0000000, 0x00000006e5000000, 0x000000076ab00000)
  object space 606208K, 95% used [0x00000006c0000000,0x00000006e37ac428,0x00000006e5000000)
 Metaspace       used 6691K, capacity 7320K, committed 7680K, reserved 1056768K
  class space    used 628K, capacity 656K, committed 768K, reserved 1048576K
Event: 42.873 GC heap after
Heap after GC invocations=22 (full 5):
 PSYoungGen      total 767488K, used 181470K [0x000000076ab00000, 0x00000007b6c80000, 0x00000007c0000000)
  eden space 551424K, 0% used [0x000000076ab00000,0x000000076ab00000,0x000000078c580000)
  from space 216064K, 83% used [0x000000078c580000,0x00000007976b79b8,0x0000000799880000)
  to   space 308736K, 0% used [0x00000007a3f00000,0x00000007a3f00000,0x00000007b6c80000)
 ParOldGen       total 913408K, used 605720K [0x00000006c0000000, 0x00000006f7c00000, 0x000000076ab00000)
  object space 913408K, 66% used [0x00000006c0000000,0x00000006e4f86188,0x00000006f7c00000)
 Metaspace       used 6691K, capacity 7320K, committed 7680K, reserved 1056768K
  class space    used 628K, capacity 656K, committed 768K, reserved 1048576K
}
Event: 44.300 GC heap before
{Heap before GC invocations=23 (full 5):
 PSYoungGen      total 767488K, used 732894K [0x000000076ab00000, 0x00000007b6c80000, 0x00000007c0000000)
  eden space 551424K, 100% used [0x000000076ab00000,0x000000078c580000,0x000000078c580000)
  from space 216064K, 83% used [0x000000078c580000,0x00000007976b79b8,0x0000000799880000)
  to   space 308736K, 0% used [0x00000007a3f00000,0x00000007a3f00000,0x00000007b6c80000)
 ParOldGen       total 913408K, used 605720K [0x00000006c0000000, 0x00000006f7c00000, 0x000000076ab00000)
  object space 913408K, 66% used [0x00000006c0000000,0x00000006e4f86188,0x00000006f7c00000)
 Metaspace       used 6692K, capacity 7320K, committed 7680K, reserved 1056768K
  class space    used 628K, capacity 656K, committed 768K, reserved 1048576K
Event: 45.039 GC heap after
Heap after GC invocations=23 (full 5):
 PSYoungGen      total 927232K, used 190130K [0x000000076ab00000, 0x00000007b7b80000, 0x00000007c0000000)
  eden space 618496K, 0% used [0x000000076ab00000,0x000000076ab00000,0x0000000790700000)
  from space 308736K, 61% used [0x00000007a3f00000,0x00000007af8acac0,0x00000007b6c80000)
  to   space 319488K, 0% used [0x0000000790700000,0x0000000790700000,0x00000007a3f00000)
 ParOldGen       total 913408K, used 695323K [0x00000006c0000000, 0x00000006f7c00000, 0x000000076ab00000)
  object space 913408K, 76% used [0x00000006c0000000,0x00000006ea706f88,0x00000006f7c00000)
 Metaspace       used 6692K, capacity 7320K, committed 7680K, reserved 1056768K
  class space    used 628K, capacity 656K, committed 768K, reserved 1048576K
}
Event: 46.945 GC heap before
{Heap before GC invocations=24 (full 5):
 PSYoungGen      total 927232K, used 808626K [0x000000076ab00000, 0x00000007b7b80000, 0x00000007c0000000)
  eden space 618496K, 100% used [0x000000076ab00000,0x0000000790700000,0x0000000790700000)
  from space 308736K, 61% used [0x00000007a3f00000,0x00000007af8acac0,0x00000007b6c80000)
  to   space 319488K, 0% used [0x0000000790700000,0x0000000790700000,0x00000007a3f00000)
 ParOldGen       total 913408K, used 695323K [0x00000006c0000000, 0x00000006f7c00000, 0x000000076ab00000)
  object space 913408K, 76% used [0x00000006c0000000,0x00000006ea706f88,0x00000006f7c00000)
 Metaspace       used 6692K, capacity 7320K, committed 7680K, reserved 1056768K
  class space    used 628K, capacity 656K, committed 768K, reserved 1048576K
Event: 47.394 GC heap after
Heap after GC invocations=24 (full 5):
 PSYoungGen      total 937984K, used 212936K [0x000000076ab00000, 0x00000007be800000, 0x00000007c0000000)
  eden space 618496K, 0% used [0x000000076ab00000,0x000000076ab00000,0x0000000790700000)
  from space 319488K, 66% used [0x0000000790700000,0x000000079d6f22c8,0x00000007a3f00000)
  to   space 335360K, 0% used [0x00000007aa080000,0x00000007aa080000,0x00000007be800000)
 ParOldGen       total 913408K, used 695323K [0x00000006c0000000, 0x00000006f7c00000, 0x000000076ab00000)
  object space 913408K, 76% used [0x00000006c0000000,0x00000006ea706f88,0x00000006f7c00000)
 Metaspace       used 6692K, capacity 7320K, committed 7680K, reserved 1056768K
  class space    used 628K, capacity 656K, committed 768K, reserved 1048576K
}
Event: 49.688 GC heap before
{Heap before GC invocations=25 (full 5):
 PSYoungGen      total 937984K, used 831432K [0x000000076ab00000, 0x00000007be800000, 0x00000007c0000000)
  eden space 618496K, 100% used [0x000000076ab00000,0x0000000790700000,0x0000000790700000)
  from space 319488K, 66% used [0x0000000790700000,0x000000079d6f22c8,0x00000007a3f00000)
  to   space 335360K, 0% used [0x00000007aa080000,0x00000007aa080000,0x00000007be800000)
 ParOldGen       total 913408K, used 695323K [0x00000006c0000000, 0x00000006f7c00000, 0x000000076ab00000)
  object space 913408K, 76% used [0x00000006c0000000,0x00000006ea706f88,0x00000006f7c00000)
 Metaspace       used 6798K, capacity 7384K, committed 7680K, reserved 1056768K
  class space    used 634K, capacity 656K, committed 768K, reserved 1048576K
Event: 50.524 GC heap after
Heap after GC invocations=25 (full 5):
 PSYoungGen      total 965120K, used 312854K [0x000000076ab00000, 0x00000007c0000000, 0x00000007c0000000)
  eden space 629760K, 0% used [0x000000076ab00000,0x000000076ab00000,0x0000000791200000)
  from space 335360K, 93% used [0x00000007aa080000,0x00000007bd205960,0x00000007be800000)
  to   space 384000K, 0% used [0x0000000791200000,0x0000000791200000,0x00000007a8900000)
 ParOldGen       total 913408K, used 695323K [0x00000006c0000000, 0x00000006f7c00000, 0x000000076ab00000)
  object space 913408K, 76% used [0x00000006c0000000,0x00000006ea706f88,0x00000006f7c00000)
 Metaspace       used 6798K, capacity 7384K, committed 7680K, reserved 1056768K
  class space    used 634K, capacity 656K, committed 768K, reserved 1048576K
}
Event: 56.091 GC heap before
{Heap before GC invocations=26 (full 5):
 PSYoungGen      total 965120K, used 942614K [0x000000076ab00000, 0x00000007c0000000, 0x00000007c0000000)
  eden space 629760K, 100% used [0x000000076ab00000,0x0000000791200000,0x0000000791200000)
  from space 335360K, 93% used [0x00000007aa080000,0x00000007bd205960,0x00000007be800000)
  to   space 384000K, 0% used [0x0000000791200000,0x0000000791200000,0x00000007a8900000)
 ParOldGen       total 913408K, used 695323K [0x00000006c0000000, 0x00000006f7c00000, 0x000000076ab00000)
  object space 913408K, 76% used [0x00000006c0000000,0x00000006ea706f88,0x00000006f7c00000)
 Metaspace       used 7054K, capacity 7608K, committed 7936K, reserved 1056768K
  class space    used 647K, capacity 688K, committed 768K, reserved 1048576K
Event: 57.193 GC heap after
Heap after GC invocations=26 (full 5):
 PSYoungGen      total 1013760K, used 383996K [0x000000076ab00000, 0x00000007c0000000, 0x00000007c0000000)
  eden space 629760K, 0% used [0x000000076ab00000,0x000000076ab00000,0x0000000791200000)
  from space 384000K, 99% used [0x0000000791200000,0x00000007a88ff260,0x00000007a8900000)
  to   space 384000K, 0% used [0x00000007a8900000,0x00000007a8900000,0x00000007c0000000)
 ParOldGen       total 913408K, used 727694K [0x00000006c0000000, 0x00000006f7c00000, 0x000000076ab00000)
  object space 913408K, 79% used [0x00000006c0000000,0x00000006ec6a38d8,0x00000006f7c00000)
 Metaspace       used 7054K, capacity 7608K, committed 7936K, reserved 1056768K
  class space    used 647K, capacity 688K, committed 768K, reserved 1048576K
}

