# JRE version: Java(TM) SE Runtime Environment (8.0_101-b13) (build 1.8.0_101-b13)
# Java VM: Java HotSpot(TM) 64-Bit Server VM (25.101-b13 mixed mode windows-amd64 compressed oops)
Heap:
 PSYoungGen      total 943104K, used 299000K [0x000000076ab00000, 0x00000007be280000, 0x00000007c0000000)
  eden space 648192K, 4% used [0x000000076ab00000,0x000000076c529730,0x0000000792400000)
  from space 294912K, 92% used [0x00000007a6c00000,0x00000007b75d4a90,0x00000007b8c00000)
  to   space 335872K, 0% used [0x0000000792400000,0x0000000792400000,0x00000007a6c00000)
 ParOldGen       total 909312K, used 700050K [0x00000006c0000000, 0x00000006f7800000, 0x000000076ab00000)
  object space 909312K, 76% used [0x00000006c0000000,0x00000006eaba49c8,0x00000006f7800000)
 Metaspace       used 6791K, capacity 7384K, committed 7680K, reserved 1056768K
  class space    used 635K, capacity 656K, committed 768K, reserved 1048576K
GC Heap History (10 events):
Event: 47.163 GC heap before
{Heap before GC invocations=21 (full 4):
 PSYoungGen      total 737280K, used 737255K [0x000000076ab00000, 0x00000007aa800000, 0x00000007c0000000)
  eden space 571392K, 100% used [0x000000076ab00000,0x000000078d900000,0x000000078d900000)
  from space 165888K, 99% used [0x000000079a880000,0x00000007a4a79e58,0x00000007a4a80000)
  to   space 212480K, 0% used [0x000000078d900000,0x000000078d900000,0x000000079a880000)
 ParOldGen       total 602112K, used 433640K [0x00000006c0000000, 0x00000006e4c00000, 0x000000076ab00000)
  object space 602112K, 72% used [0x00000006c0000000,0x00000006da77a238,0x00000006e4c00000)
 Metaspace       used 6682K, capacity 7320K, committed 7680K, reserved 1056768K
  class space    used 628K, capacity 656K, committed 768K, reserved 1048576K
Event: 47.798 GC heap after
Heap after GC invocations=21 (full 4):
 PSYoungGen      total 783872K, used 212470K [0x000000076ab00000, 0x00000007b6800000, 0x00000007c0000000)
  eden space 571392K, 0% used [0x000000076ab00000,0x000000076ab00000,0x000000078d900000)
  from space 212480K, 99% used [0x000000078d900000,0x000000079a87d808,0x000000079a880000)
  to   space 305664K, 0% used [0x00000007a3d80000,0x00000007a3d80000,0x00000007b6800000)
 ParOldGen       total 602112K, used 585387K [0x00000006c0000000, 0x00000006e4c00000, 0x000000076ab00000)
  object space 602112K, 97% used [0x00000006c0000000,0x00000006e3baadf8,0x00000006e4c00000)
 Metaspace       used 6682K, capacity 7320K, committed 7680K, reserved 1056768K
  class space    used 628K, capacity 656K, committed 768K, reserved 1048576K
}
Event: 47.798 GC heap before
{Heap before GC invocations=22 (full 5):
 PSYoungGen      total 783872K, used 212470K [0x000000076ab00000, 0x00000007b6800000, 0x00000007c0000000)
  eden space 571392K, 0% used [0x000000076ab00000,0x000000076ab00000,0x000000078d900000)
  from space 212480K, 99% used [0x000000078d900000,0x000000079a87d808,0x000000079a880000)
  to   space 305664K, 0% used [0x00000007a3d80000,0x00000007a3d80000,0x00000007b6800000)
 ParOldGen       total 602112K, used 585387K [0x00000006c0000000, 0x00000006e4c00000, 0x000000076ab00000)
  object space 602112K, 97% used [0x00000006c0000000,0x00000006e3baadf8,0x00000006e4c00000)
 Metaspace       used 6682K, capacity 7320K, committed 7680K, reserved 1056768K
  class space    used 628K, capacity 656K, committed 768K, reserved 1048576K
Event: 52.811 GC heap after
Heap after GC invocations=22 (full 5):
 PSYoungGen      total 783872K, used 187854K [0x000000076ab00000, 0x00000007b6800000, 0x00000007c0000000)
  eden space 571392K, 0% used [0x000000076ab00000,0x000000076ab00000,0x000000078d900000)
  from space 212480K, 88% used [0x000000078d900000,0x0000000799073950,0x000000079a880000)
  to   space 305664K, 0% used [0x00000007a3d80000,0x00000007a3d80000,0x00000007b6800000)
 ParOldGen       total 909312K, used 601670K [0x00000006c0000000, 0x00000006f7800000, 0x000000076ab00000)
  object space 909312K, 66% used [0x00000006c0000000,0x00000006e4b91a78,0x00000006f7800000)
 Metaspace       used 6682K, capacity 7320K, committed 7680K, reserved 1056768K
  class space    used 628K, capacity 656K, committed 768K, reserved 1048576K
}
Event: 55.514 GC heap before
{Heap before GC invocations=23 (full 5):
 PSYoungGen      total 783872K, used 759246K [0x000000076ab00000, 0x00000007b6800000, 0x00000007c0000000)
  eden space 571392K, 100% used [0x000000076ab00000,0x000000078d900000,0x000000078d900000)
  from space 212480K, 88% used [0x000000078d900000,0x0000000799073950,0x000000079a880000)
  to   space 305664K, 0% used [0x00000007a3d80000,0x00000007a3d80000,0x00000007b6800000)
 ParOldGen       total 909312K, used 601670K [0x00000006c0000000, 0x00000006f7800000, 0x000000076ab00000)
  object space 909312K, 66% used [0x00000006c0000000,0x00000006e4b91a78,0x00000006f7800000)
 Metaspace       used 6684K, capacity 7320K, committed 7680K, reserved 1056768K
  class space    used 628K, capacity 656K, committed 768K, reserved 1048576K
Event: 56.233 GC heap after
Heap after GC invocations=23 (full 5):
 PSYoungGen      total 898560K, used 113793K [0x000000076ab00000, 0x00000007b4500000, 0x00000007c0000000)
  eden space 628736K, 0% used [0x000000076ab00000,0x000000076ab00000,0x0000000791100000)
  from space 269824K, 42% used [0x00000007a3d80000,0x00000007aaca06a0,0x00000007b4500000)
  to   space 288768K, 0% used [0x0000000791100000,0x0000000791100000,0x00000007a2b00000)
 ParOldGen       total 909312K, used 700050K [0x00000006c0000000, 0x00000006f7800000, 0x000000076ab00000)
  object space 909312K, 76% used [0x00000006c0000000,0x00000006eaba49c8,0x00000006f7800000)
 Metaspace       used 6684K, capacity 7320K, committed 7680K, reserved 1056768K
  class space    used 628K, capacity 656K, committed 768K, reserved 1048576K
}
Event: 59.090 GC heap before
{Heap before GC invocations=24 (full 5):
 PSYoungGen      total 898560K, used 742529K [0x000000076ab00000, 0x00000007b4500000, 0x00000007c0000000)
  eden space 628736K, 100% used [0x000000076ab00000,0x0000000791100000,0x0000000791100000)
  from space 269824K, 42% used [0x00000007a3d80000,0x00000007aaca06a0,0x00000007b4500000)
  to   space 288768K, 0% used [0x0000000791100000,0x0000000791100000,0x00000007a2b00000)
 ParOldGen       total 909312K, used 700050K [0x00000006c0000000, 0x00000006f7800000, 0x000000076ab00000)
  object space 909312K, 76% used [0x00000006c0000000,0x00000006eaba49c8,0x00000006f7800000)
 Metaspace       used 6685K, capacity 7320K, committed 7680K, reserved 1056768K
  class space    used 629K, capacity 656K, committed 768K, reserved 1048576K
Event: 59.401 GC heap after
Heap after GC invocations=24 (full 5):
 PSYoungGen      total 917504K, used 172392K [0x000000076ab00000, 0x00000007b8c00000, 0x00000007c0000000)
  eden space 628736K, 0% used [0x000000076ab00000,0x000000076ab00000,0x0000000791100000)
  from space 288768K, 59% used [0x0000000791100000,0x000000079b95a388,0x00000007a2b00000)
  to   space 294912K, 0% used [0x00000007a6c00000,0x00000007a6c00000,0x00000007b8c00000)
 ParOldGen       total 909312K, used 700050K [0x00000006c0000000, 0x00000006f7800000, 0x000000076ab00000)
  object space 909312K, 76% used [0x00000006c0000000,0x00000006eaba49c8,0x00000006f7800000)
 Metaspace       used 6685K, capacity 7320K, committed 7680K, reserved 1056768K
  class space    used 629K, capacity 656K, committed 768K, reserved 1048576K
}
Event: 62.333 GC heap before
{Heap before GC invocations=25 (full 5):
 PSYoungGen      total 917504K, used 801128K [0x000000076ab00000, 0x00000007b8c00000, 0x00000007c0000000)
  eden space 628736K, 100% used [0x000000076ab00000,0x0000000791100000,0x0000000791100000)
  from space 288768K, 59% used [0x0000000791100000,0x000000079b95a388,0x00000007a2b00000)
  to   space 294912K, 0% used [0x00000007a6c00000,0x00000007a6c00000,0x00000007b8c00000)
 ParOldGen       total 909312K, used 700050K [0x00000006c0000000, 0x00000006f7800000, 0x000000076ab00000)
  object space 909312K, 76% used [0x00000006c0000000,0x00000006eaba49c8,0x00000006f7800000)
 Metaspace       used 6791K, capacity 7384K, committed 7680K, reserved 1056768K
  class space    used 635K, capacity 656K, committed 768K, reserved 1048576K
Event: 63.010 GC heap after
Heap after GC invocations=25 (full 5):
 PSYoungGen      total 943104K, used 272210K [0x000000076ab00000, 0x00000007be280000, 0x00000007c0000000)
  eden space 648192K, 0% used [0x000000076ab00000,0x000000076ab00000,0x0000000792400000)
  from space 294912K, 92% used [0x00000007a6c00000,0x00000007b75d4a90,0x00000007b8c00000)
  to   space 335872K, 0% used [0x0000000792400000,0x0000000792400000,0x00000007a6c00000)
 ParOldGen       total 909312K, used 700050K [0x00000006c0000000, 0x00000006f7800000, 0x000000076ab00000)
  object space 909312K, 76% used [0x00000006c0000000,0x00000006eaba49c8,0x00000006f7800000)
 Metaspace       used 6791K, capacity 7384K, committed 7680K, reserved 1056768K
  class space    used 635K, capacity 656K, committed 768K, reserved 1048576K
}

