# JRE version: Java(TM) SE Runtime Environment (8.0_101-b13) (build 1.8.0_101-b13)
# Java VM: Java HotSpot(TM) 64-Bit Server VM (25.101-b13 mixed mode windows-amd64 compressed oops)
Heap:
 PSYoungGen      total 929280K, used 580343K [0x000000076ab00000, 0x00000007bd400000, 0x00000007c0000000)
  eden space 609280K, 52% used [0x000000076ab00000,0x000000077e3080b0,0x000000078fe00000)
  from space 320000K, 81% used [0x00000007a5600000,0x00000007b54b5bc8,0x00000007b8e80000)
  to   space 352256K, 0% used [0x000000078fe00000,0x000000078fe00000,0x00000007a5600000)
 ParOldGen       total 1135104K, used 712724K [0x00000006c0000000, 0x0000000705480000, 0x000000076ab00000)
  object space 1135104K, 62% used [0x00000006c0000000,0x00000006eb8053b8,0x0000000705480000)
 Metaspace       used 7223K, capacity 7800K, committed 7936K, reserved 1056768K
  class space    used 651K, capacity 688K, committed 768K, reserved 1048576K
GC Heap History (10 events):
Event: 53.742 GC heap before
{Heap before GC invocations=24 (full 5):
 PSYoungGen      total 801792K, used 801786K [0x000000076ab00000, 0x00000007bac80000, 0x00000007c0000000)
  eden space 534016K, 100% used [0x000000076ab00000,0x000000078b480000,0x000000078b480000)
  from space 267776K, 99% used [0x00000007a0980000,0x00000007b0efe8b0,0x00000007b0f00000)
  to   space 349184K, 0% used [0x000000078b480000,0x000000078b480000,0x00000007a0980000)
 ParOldGen       total 939008K, used 709620K [0x00000006c0000000, 0x00000006f9500000, 0x000000076ab00000)
  object space 939008K, 75% used [0x00000006c0000000,0x00000006eb4fd088,0x00000006f9500000)
 Metaspace       used 6701K, capacity 7320K, committed 7680K, reserved 1056768K
  class space    used 629K, capacity 656K, committed 768K, reserved 1048576K
Event: 54.422 GC heap after
Heap after GC invocations=24 (full 5):
 PSYoungGen      total 883200K, used 63066K [0x000000076ab00000, 0x00000007b8180000, 0x00000007c0000000)
  eden space 534016K, 0% used [0x000000076ab00000,0x000000076ab00000,0x000000078b480000)
  from space 349184K, 18% used [0x000000078b480000,0x000000078f216ab8,0x00000007a0980000)
  to   space 336384K, 0% used [0x00000007a3900000,0x00000007a3900000,0x00000007b8180000)
 ParOldGen       total 939008K, used 850199K [0x00000006c0000000, 0x00000006f9500000, 0x000000076ab00000)
  object space 939008K, 90% used [0x00000006c0000000,0x00000006f3e45f70,0x00000006f9500000)
 Metaspace       used 6701K, capacity 7320K, committed 7680K, reserved 1056768K
  class space    used 629K, capacity 656K, committed 768K, reserved 1048576K
}
Event: 54.422 GC heap before
{Heap before GC invocations=25 (full 6):
 PSYoungGen      total 883200K, used 63066K [0x000000076ab00000, 0x00000007b8180000, 0x00000007c0000000)
  eden space 534016K, 0% used [0x000000076ab00000,0x000000076ab00000,0x000000078b480000)
  from space 349184K, 18% used [0x000000078b480000,0x000000078f216ab8,0x00000007a0980000)
  to   space 336384K, 0% used [0x00000007a3900000,0x00000007a3900000,0x00000007b8180000)
 ParOldGen       total 939008K, used 850199K [0x00000006c0000000, 0x00000006f9500000, 0x000000076ab00000)
  object space 939008K, 90% used [0x00000006c0000000,0x00000006f3e45f70,0x00000006f9500000)
 Metaspace       used 6701K, capacity 7320K, committed 7680K, reserved 1056768K
  class space    used 629K, capacity 656K, committed 768K, reserved 1048576K
Event: 60.793 GC heap after
Heap after GC invocations=25 (full 6):
 PSYoungGen      total 883200K, used 0K [0x000000076ab00000, 0x00000007b8180000, 0x00000007c0000000)
  eden space 534016K, 0% used [0x000000076ab00000,0x000000076ab00000,0x000000078b480000)
  from space 349184K, 0% used [0x000000078b480000,0x000000078b480000,0x00000007a0980000)
  to   space 336384K, 0% used [0x00000007a3900000,0x00000007a3900000,0x00000007b8180000)
 ParOldGen       total 1135104K, used 712724K [0x00000006c0000000, 0x0000000705480000, 0x000000076ab00000)
  object space 1135104K, 62% used [0x00000006c0000000,0x00000006eb8053b8,0x0000000705480000)
 Metaspace       used 6701K, capacity 7320K, committed 7680K, reserved 1056768K
  class space    used 629K, capacity 656K, committed 768K, reserved 1048576K
}
Event: 64.135 GC heap before
{Heap before GC invocations=26 (full 6):
 PSYoungGen      total 883200K, used 534016K [0x000000076ab00000, 0x00000007b8180000, 0x00000007c0000000)
  eden space 534016K, 100% used [0x000000076ab00000,0x000000078b480000,0x000000078b480000)
  from space 349184K, 0% used [0x000000078b480000,0x000000078b480000,0x00000007a0980000)
  to   space 336384K, 0% used [0x00000007a3900000,0x00000007a3900000,0x00000007b8180000)
 ParOldGen       total 1135104K, used 712724K [0x00000006c0000000, 0x0000000705480000, 0x000000076ab00000)
  object space 1135104K, 62% used [0x00000006c0000000,0x00000006eb8053b8,0x0000000705480000)
 Metaspace       used 6783K, capacity 7384K, committed 7680K, reserved 1056768K
  class space    used 633K, capacity 656K, committed 768K, reserved 1048576K
Event: 64.353 GC heap after
Heap after GC invocations=26 (full 6):
 PSYoungGen      total 870400K, used 90205K [0x000000076ab00000, 0x00000007b5200000, 0x00000007c0000000)
  eden space 582656K, 0% used [0x000000076ab00000,0x000000076ab00000,0x000000078e400000)
  from space 287744K, 31% used [0x00000007a3900000,0x00000007a9117470,0x00000007b5200000)
  to   space 318464K, 0% used [0x000000078e400000,0x000000078e400000,0x00000007a1b00000)
 ParOldGen       total 1135104K, used 712724K [0x00000006c0000000, 0x0000000705480000, 0x000000076ab00000)
  object space 1135104K, 62% used [0x00000006c0000000,0x00000006eb8053b8,0x0000000705480000)
 Metaspace       used 6783K, capacity 7384K, committed 7680K, reserved 1056768K
  class space    used 633K, capacity 656K, committed 768K, reserved 1048576K
}
Event: 65.994 GC heap before
{Heap before GC invocations=27 (full 6):
 PSYoungGen      total 870400K, used 672861K [0x000000076ab00000, 0x00000007b5200000, 0x00000007c0000000)
  eden space 582656K, 100% used [0x000000076ab00000,0x000000078e400000,0x000000078e400000)
  from space 287744K, 31% used [0x00000007a3900000,0x00000007a9117470,0x00000007b5200000)
  to   space 318464K, 0% used [0x000000078e400000,0x000000078e400000,0x00000007a1b00000)
 ParOldGen       total 1135104K, used 712724K [0x00000006c0000000, 0x0000000705480000, 0x000000076ab00000)
  object space 1135104K, 62% used [0x00000006c0000000,0x00000006eb8053b8,0x0000000705480000)
 Metaspace       used 6808K, capacity 7384K, committed 7680K, reserved 1056768K
  class space    used 635K, capacity 656K, committed 768K, reserved 1048576K
Event: 66.392 GC heap after
Heap after GC invocations=27 (full 6):
 PSYoungGen      total 901120K, used 172795K [0x000000076ab00000, 0x00000007b8e80000, 0x00000007c0000000)
  eden space 582656K, 0% used [0x000000076ab00000,0x000000076ab00000,0x000000078e400000)
  from space 318464K, 54% used [0x000000078e400000,0x0000000798cbee68,0x00000007a1b00000)
  to   space 320000K, 0% used [0x00000007a5600000,0x00000007a5600000,0x00000007b8e80000)
 ParOldGen       total 1135104K, used 712724K [0x00000006c0000000, 0x0000000705480000, 0x000000076ab00000)
  object space 1135104K, 62% used [0x00000006c0000000,0x00000006eb8053b8,0x0000000705480000)
 Metaspace       used 6808K, capacity 7384K, committed 7680K, reserved 1056768K
  class space    used 635K, capacity 656K, committed 768K, reserved 1048576K
}
Event: 68.554 GC heap before
{Heap before GC invocations=28 (full 6):
 PSYoungGen      total 901120K, used 755451K [0x000000076ab00000, 0x00000007b8e80000, 0x00000007c0000000)
  eden space 582656K, 100% used [0x000000076ab00000,0x000000078e400000,0x000000078e400000)
  from space 318464K, 54% used [0x000000078e400000,0x0000000798cbee68,0x00000007a1b00000)
  to   space 320000K, 0% used [0x00000007a5600000,0x00000007a5600000,0x00000007b8e80000)
 ParOldGen       total 1135104K, used 712724K [0x00000006c0000000, 0x0000000705480000, 0x000000076ab00000)
  object space 1135104K, 62% used [0x00000006c0000000,0x00000006eb8053b8,0x0000000705480000)
 Metaspace       used 6829K, capacity 7384K, committed 7680K, reserved 1056768K
  class space    used 635K, capacity 656K, committed 768K, reserved 1048576K
Event: 69.226 GC heap after
Heap after GC invocations=28 (full 6):
 PSYoungGen      total 929280K, used 260822K [0x000000076ab00000, 0x00000007bd400000, 0x00000007c0000000)
  eden space 609280K, 0% used [0x000000076ab00000,0x000000076ab00000,0x000000078fe00000)
  from space 320000K, 81% used [0x00000007a5600000,0x00000007b54b5bc8,0x00000007b8e80000)
  to   space 352256K, 0% used [0x000000078fe00000,0x000000078fe00000,0x00000007a5600000)
 ParOldGen       total 1135104K, used 712724K [0x00000006c0000000, 0x0000000705480000, 0x000000076ab00000)
  object space 1135104K, 62% used [0x00000006c0000000,0x00000006eb8053b8,0x0000000705480000)
 Metaspace       used 6829K, capacity 7384K, committed 7680K, reserved 1056768K
  class space    used 635K, capacity 656K, committed 768K, reserved 1048576K
}

