# JRE version: Java(TM) SE Runtime Environment (8.0_101-b13) (build 1.8.0_101-b13)
# Java VM: Java HotSpot(TM) 64-Bit Server VM (25.101-b13 mixed mode windows-amd64 compressed oops)
Heap:
 PSYoungGen      total 902656K, used 578014K [0x000000076ab00000, 0x00000007c0000000, 0x00000007c0000000)
  eden space 544768K, 40% used [0x000000076ab00000,0x00000007781f8528,0x000000078bf00000)
  from space 357888K, 99% used [0x00000007aa280000,0x00000007bffff5b8,0x00000007c0000000)
  to   space 426496K, 0% used [0x000000078bf00000,0x000000078bf00000,0x00000007a5f80000)
 ParOldGen       total 914432K, used 714792K [0x00000006c0000000, 0x00000006f7d00000, 0x000000076ab00000)
  object space 914432K, 78% used [0x00000006c0000000,0x00000006eba0a280,0x00000006f7d00000)
 Metaspace       used 7160K, capacity 7736K, committed 7936K, reserved 1056768K
  class space    used 652K, capacity 688K, committed 768K, reserved 1048576K
GC Heap History (10 events):
Event: 64.770 GC heap before
{Heap before GC invocations=23 (full 5):
 PSYoungGen      total 738304K, used 696464K [0x000000076ab00000, 0x00000007b3b00000, 0x00000007c0000000)
  eden space 538112K, 100% used [0x000000076ab00000,0x000000078b880000,0x000000078b880000)
  from space 200192K, 79% used [0x000000078b880000,0x0000000795324050,0x0000000797c00000)
  to   space 291328K, 0% used [0x00000007a1e80000,0x00000007a1e80000,0x00000007b3b00000)
 ParOldGen       total 914432K, used 605576K [0x00000006c0000000, 0x00000006f7d00000, 0x000000076ab00000)
  object space 914432K, 66% used [0x00000006c0000000,0x00000006e4f622e0,0x00000006f7d00000)
 Metaspace       used 6686K, capacity 7320K, committed 7680K, reserved 1056768K
  class space    used 629K, capacity 656K, committed 768K, reserved 1048576K
Event: 65.693 GC heap after
Heap after GC invocations=23 (full 5):
 PSYoungGen      total 884224K, used 208321K [0x000000076ab00000, 0x00000007b5880000, 0x00000007c0000000)
  eden space 592896K, 0% used [0x000000076ab00000,0x000000076ab00000,0x000000078ee00000)
  from space 291328K, 71% used [0x00000007a1e80000,0x00000007ae9f04c0,0x00000007b3b00000)
  to   space 311808K, 0% used [0x000000078ee00000,0x000000078ee00000,0x00000007a1e80000)
 ParOldGen       total 914432K, used 689265K [0x00000006c0000000, 0x00000006f7d00000, 0x000000076ab00000)
  object space 914432K, 75% used [0x00000006c0000000,0x00000006ea11c6b0,0x00000006f7d00000)
 Metaspace       used 6686K, capacity 7320K, committed 7680K, reserved 1056768K
  class space    used 629K, capacity 656K, committed 768K, reserved 1048576K
}
Event: 68.176 GC heap before
{Heap before GC invocations=24 (full 5):
 PSYoungGen      total 884224K, used 801217K [0x000000076ab00000, 0x00000007b5880000, 0x00000007c0000000)
  eden space 592896K, 100% used [0x000000076ab00000,0x000000078ee00000,0x000000078ee00000)
  from space 291328K, 71% used [0x00000007a1e80000,0x00000007ae9f04c0,0x00000007b3b00000)
  to   space 311808K, 0% used [0x000000078ee00000,0x000000078ee00000,0x00000007a1e80000)
 ParOldGen       total 914432K, used 689265K [0x00000006c0000000, 0x00000006f7d00000, 0x000000076ab00000)
  object space 914432K, 75% used [0x00000006c0000000,0x00000006ea11c6b0,0x00000006f7d00000)
 Metaspace       used 6686K, capacity 7320K, committed 7680K, reserved 1056768K
  class space    used 629K, capacity 656K, committed 768K, reserved 1048576K
Event: 68.509 GC heap after
Heap after GC invocations=24 (full 5):
 PSYoungGen      total 904704K, used 110951K [0x000000076ab00000, 0x00000007b6a00000, 0x00000007c0000000)
  eden space 592896K, 0% used [0x000000076ab00000,0x000000076ab00000,0x000000078ee00000)
  from space 311808K, 35% used [0x000000078ee00000,0x0000000795a59dd0,0x00000007a1e80000)
  to   space 291840K, 0% used [0x00000007a4d00000,0x00000007a4d00000,0x00000007b6a00000)
 ParOldGen       total 914432K, used 689265K [0x00000006c0000000, 0x00000006f7d00000, 0x000000076ab00000)
  object space 914432K, 75% used [0x00000006c0000000,0x00000006ea11c6b0,0x00000006f7d00000)
 Metaspace       used 6686K, capacity 7320K, committed 7680K, reserved 1056768K
  class space    used 629K, capacity 656K, committed 768K, reserved 1048576K
}
Event: 70.326 GC heap before
{Heap before GC invocations=25 (full 5):
 PSYoungGen      total 904704K, used 703847K [0x000000076ab00000, 0x00000007b6a00000, 0x00000007c0000000)
  eden space 592896K, 100% used [0x000000076ab00000,0x000000078ee00000,0x000000078ee00000)
  from space 311808K, 35% used [0x000000078ee00000,0x0000000795a59dd0,0x00000007a1e80000)
  to   space 291840K, 0% used [0x00000007a4d00000,0x00000007a4d00000,0x00000007b6a00000)
 ParOldGen       total 914432K, used 689265K [0x00000006c0000000, 0x00000006f7d00000, 0x000000076ab00000)
  object space 914432K, 75% used [0x00000006c0000000,0x00000006ea11c6b0,0x00000006f7d00000)
 Metaspace       used 6765K, capacity 7320K, committed 7680K, reserved 1056768K
  class space    used 633K, capacity 656K, committed 768K, reserved 1048576K
Event: 70.834 GC heap after
Heap after GC invocations=25 (full 5):
 PSYoungGen      total 933888K, used 209276K [0x000000076ab00000, 0x00000007b9300000, 0x00000007c0000000)
  eden space 642048K, 0% used [0x000000076ab00000,0x000000076ab00000,0x0000000791e00000)
  from space 291840K, 71% used [0x00000007a4d00000,0x00000007b195f360,0x00000007b6a00000)
  to   space 310272K, 0% used [0x0000000791e00000,0x0000000791e00000,0x00000007a4d00000)
 ParOldGen       total 914432K, used 689273K [0x00000006c0000000, 0x00000006f7d00000, 0x000000076ab00000)
  object space 914432K, 75% used [0x00000006c0000000,0x00000006ea11e6b0,0x00000006f7d00000)
 Metaspace       used 6765K, capacity 7320K, committed 7680K, reserved 1056768K
  class space    used 633K, capacity 656K, committed 768K, reserved 1048576K
}
Event: 72.585 GC heap before
{Heap before GC invocations=26 (full 5):
 PSYoungGen      total 933888K, used 851324K [0x000000076ab00000, 0x00000007b9300000, 0x00000007c0000000)
  eden space 642048K, 100% used [0x000000076ab00000,0x0000000791e00000,0x0000000791e00000)
  from space 291840K, 71% used [0x00000007a4d00000,0x00000007b195f360,0x00000007b6a00000)
  to   space 310272K, 0% used [0x0000000791e00000,0x0000000791e00000,0x00000007a4d00000)
 ParOldGen       total 914432K, used 689273K [0x00000006c0000000, 0x00000006f7d00000, 0x000000076ab00000)
  object space 914432K, 75% used [0x00000006c0000000,0x00000006ea11e6b0,0x00000006f7d00000)
 Metaspace       used 6795K, capacity 7384K, committed 7680K, reserved 1056768K
  class space    used 635K, capacity 656K, committed 768K, reserved 1048576K
Event: 73.257 GC heap after
Heap after GC invocations=26 (full 5):
 PSYoungGen      total 952320K, used 301292K [0x000000076ab00000, 0x00000007c0000000, 0x00000007c0000000)
  eden space 642048K, 0% used [0x000000076ab00000,0x000000076ab00000,0x0000000791e00000)
  from space 310272K, 97% used [0x0000000791e00000,0x00000007a443b048,0x00000007a4d00000)
  to   space 357888K, 0% used [0x00000007aa280000,0x00000007aa280000,0x00000007c0000000)
 ParOldGen       total 914432K, used 689273K [0x00000006c0000000, 0x00000006f7d00000, 0x000000076ab00000)
  object space 914432K, 75% used [0x00000006c0000000,0x00000006ea11e6b0,0x00000006f7d00000)
 Metaspace       used 6795K, capacity 7384K, committed 7680K, reserved 1056768K
  class space    used 635K, capacity 656K, committed 768K, reserved 1048576K
}
Event: 77.191 GC heap before
{Heap before GC invocations=27 (full 5):
 PSYoungGen      total 952320K, used 943340K [0x000000076ab00000, 0x00000007c0000000, 0x00000007c0000000)
  eden space 642048K, 100% used [0x000000076ab00000,0x0000000791e00000,0x0000000791e00000)
  from space 310272K, 97% used [0x0000000791e00000,0x00000007a443b048,0x00000007a4d00000)
  to   space 357888K, 0% used [0x00000007aa280000,0x00000007aa280000,0x00000007c0000000)
 ParOldGen       total 914432K, used 689273K [0x00000006c0000000, 0x00000006f7d00000, 0x000000076ab00000)
  object space 914432K, 75% used [0x00000006c0000000,0x00000006ea11e6b0,0x00000006f7d00000)
 Metaspace       used 7041K, capacity 7608K, committed 7936K, reserved 1056768K
  class space    used 648K, capacity 688K, committed 768K, reserved 1048576K
Event: 78.336 GC heap after
Heap after GC invocations=27 (full 5):
 PSYoungGen      total 902656K, used 357885K [0x000000076ab00000, 0x00000007c0000000, 0x00000007c0000000)
  eden space 544768K, 0% used [0x000000076ab00000,0x000000076ab00000,0x000000078bf00000)
  from space 357888K, 99% used [0x00000007aa280000,0x00000007bffff5b8,0x00000007c0000000)
  to   space 426496K, 0% used [0x000000078bf00000,0x000000078bf00000,0x00000007a5f80000)
 ParOldGen       total 914432K, used 714792K [0x00000006c0000000, 0x00000006f7d00000, 0x000000076ab00000)
  object space 914432K, 78% used [0x00000006c0000000,0x00000006eba0a280,0x00000006f7d00000)
 Metaspace       used 7041K, capacity 7608K, committed 7936K, reserved 1056768K
  class space    used 648K, capacity 688K, committed 768K, reserved 1048576K
}

