# JRE version: Java(TM) SE Runtime Environment (8.0_101-b13) (build 1.8.0_101-b13)
# Java VM: Java HotSpot(TM) 64-Bit Server VM (25.101-b13 mixed mode windows-amd64 compressed oops)
Heap:
 PSYoungGen      total 1033216K, used 645620K [0x000000076ab00000, 0x00000007c0000000, 0x00000007c0000000)
  eden space 668672K, 42% used [0x000000076ab00000,0x000000077bd7dc70,0x0000000793800000)
  from space 364544K, 99% used [0x0000000793800000,0x00000007a9bff670,0x00000007a9c00000)
  to   space 364544K, 0% used [0x00000007a9c00000,0x00000007a9c00000,0x00000007c0000000)
 ParOldGen       total 931328K, used 767297K [0x00000006c0000000, 0x00000006f8d80000, 0x000000076ab00000)
  object space 931328K, 82% used [0x00000006c0000000,0x00000006eed50788,0x00000006f8d80000)
 Metaspace       used 7482K, capacity 7832K, committed 7936K, reserved 1056768K
  class space    used 681K, capacity 720K, committed 768K, reserved 1048576K
GC Heap History (10 events):
Event: 44.473 GC heap before
{Heap before GC invocations=22 (full 5):
 PSYoungGen      total 811520K, used 211446K [0x000000076ab00000, 0x00000007bac80000, 0x00000007c0000000)
  eden space 600064K, 0% used [0x000000076ab00000,0x000000076ab00000,0x000000078f500000)
  from space 211456K, 99% used [0x000000078f500000,0x000000079c37dad0,0x000000079c380000)
  to   space 317952K, 0% used [0x00000007a7600000,0x00000007a7600000,0x00000007bac80000)
 ParOldGen       total 619520K, used 619474K [0x00000006c0000000, 0x00000006e5d00000, 0x000000076ab00000)
  object space 619520K, 99% used [0x00000006c0000000,0x00000006e5cf4a08,0x00000006e5d00000)
 Metaspace       used 6668K, capacity 7320K, committed 7680K, reserved 1056768K
  class space    used 627K, capacity 656K, committed 768K, reserved 1048576K
Event: 49.763 GC heap after
Heap after GC invocations=22 (full 5):
 PSYoungGen      total 811520K, used 197967K [0x000000076ab00000, 0x00000007bac80000, 0x00000007c0000000)
  eden space 600064K, 0% used [0x000000076ab00000,0x000000076ab00000,0x000000078f500000)
  from space 211456K, 93% used [0x000000078f500000,0x000000079b653f38,0x000000079c380000)
  to   space 317952K, 0% used [0x00000007a7600000,0x00000007a7600000,0x00000007bac80000)
 ParOldGen       total 931328K, used 619244K [0x00000006c0000000, 0x00000006f8d80000, 0x000000076ab00000)
  object space 931328K, 66% used [0x00000006c0000000,0x00000006e5cbb338,0x00000006f8d80000)
 Metaspace       used 6668K, capacity 7320K, committed 7680K, reserved 1056768K
  class space    used 627K, capacity 656K, committed 768K, reserved 1048576K
}
Event: 52.417 GC heap before
{Heap before GC invocations=23 (full 5):
 PSYoungGen      total 811520K, used 798031K [0x000000076ab00000, 0x00000007bac80000, 0x00000007c0000000)
  eden space 600064K, 100% used [0x000000076ab00000,0x000000078f500000,0x000000078f500000)
  from space 211456K, 93% used [0x000000078f500000,0x000000079b653f38,0x000000079c380000)
  to   space 317952K, 0% used [0x00000007a7600000,0x00000007a7600000,0x00000007bac80000)
 ParOldGen       total 931328K, used 619244K [0x00000006c0000000, 0x00000006f8d80000, 0x000000076ab00000)
  object space 931328K, 66% used [0x00000006c0000000,0x00000006e5cbb338,0x00000006f8d80000)
 Metaspace       used 6669K, capacity 7320K, committed 7680K, reserved 1056768K
  class space    used 628K, capacity 656K, committed 768K, reserved 1048576K
Event: 53.116 GC heap after
Heap after GC invocations=23 (full 5):
 PSYoungGen      total 955392K, used 128642K [0x000000076ab00000, 0x00000007b8c80000, 0x00000007c0000000)
  eden space 670208K, 0% used [0x000000076ab00000,0x000000076ab00000,0x0000000793980000)
  from space 285184K, 45% used [0x00000007a7600000,0x00000007af3a0a90,0x00000007b8c80000)
  to   space 304640K, 0% used [0x0000000793980000,0x0000000793980000,0x00000007a6300000)
 ParOldGen       total 931328K, used 729345K [0x00000006c0000000, 0x00000006f8d80000, 0x000000076ab00000)
  object space 931328K, 78% used [0x00000006c0000000,0x00000006ec8406f8,0x00000006f8d80000)
 Metaspace       used 6669K, capacity 7320K, committed 7680K, reserved 1056768K
  class space    used 628K, capacity 656K, committed 768K, reserved 1048576K
}
Event: 55.245 GC heap before
{Heap before GC invocations=24 (full 5):
 PSYoungGen      total 955392K, used 798850K [0x000000076ab00000, 0x00000007b8c80000, 0x00000007c0000000)
  eden space 670208K, 100% used [0x000000076ab00000,0x0000000793980000,0x0000000793980000)
  from space 285184K, 45% used [0x00000007a7600000,0x00000007af3a0a90,0x00000007b8c80000)
  to   space 304640K, 0% used [0x0000000793980000,0x0000000793980000,0x00000007a6300000)
 ParOldGen       total 931328K, used 729345K [0x00000006c0000000, 0x00000006f8d80000, 0x000000076ab00000)
  object space 931328K, 78% used [0x00000006c0000000,0x00000006ec8406f8,0x00000006f8d80000)
 Metaspace       used 6672K, capacity 7320K, committed 7680K, reserved 1056768K
  class space    used 628K, capacity 656K, committed 768K, reserved 1048576K
Event: 55.637 GC heap after
Heap after GC invocations=24 (full 5):
 PSYoungGen      total 974848K, used 198540K [0x000000076ab00000, 0x00000007bf580000, 0x00000007c0000000)
  eden space 670208K, 0% used [0x000000076ab00000,0x000000076ab00000,0x0000000793980000)
  from space 304640K, 65% used [0x0000000793980000,0x000000079fb63310,0x00000007a6300000)
  to   space 317952K, 0% used [0x00000007abf00000,0x00000007abf00000,0x00000007bf580000)
 ParOldGen       total 931328K, used 729345K [0x00000006c0000000, 0x00000006f8d80000, 0x000000076ab00000)
  object space 931328K, 78% used [0x00000006c0000000,0x00000006ec8406f8,0x00000006f8d80000)
 Metaspace       used 6672K, capacity 7320K, committed 7680K, reserved 1056768K
  class space    used 628K, capacity 656K, committed 768K, reserved 1048576K
}
Event: 58.413 GC heap before
{Heap before GC invocations=25 (full 5):
 PSYoungGen      total 974848K, used 868748K [0x000000076ab00000, 0x00000007bf580000, 0x00000007c0000000)
  eden space 670208K, 100% used [0x000000076ab00000,0x0000000793980000,0x0000000793980000)
  from space 304640K, 65% used [0x0000000793980000,0x000000079fb63310,0x00000007a6300000)
  to   space 317952K, 0% used [0x00000007abf00000,0x00000007abf00000,0x00000007bf580000)
 ParOldGen       total 931328K, used 729345K [0x00000006c0000000, 0x00000006f8d80000, 0x000000076ab00000)
  object space 931328K, 78% used [0x00000006c0000000,0x00000006ec8406f8,0x00000006f8d80000)
 Metaspace       used 6778K, capacity 7384K, committed 7680K, reserved 1056768K
  class space    used 635K, capacity 656K, committed 768K, reserved 1048576K
Event: 59.185 GC heap after
Heap after GC invocations=25 (full 5):
 PSYoungGen      total 986624K, used 299759K [0x000000076ab00000, 0x00000007c0000000, 0x00000007c0000000)
  eden space 668672K, 0% used [0x000000076ab00000,0x000000076ab00000,0x0000000793800000)
  from space 317952K, 94% used [0x00000007abf00000,0x00000007be3bbc20,0x00000007bf580000)
  to   space 364544K, 0% used [0x0000000793800000,0x0000000793800000,0x00000007a9c00000)
 ParOldGen       total 931328K, used 729345K [0x00000006c0000000, 0x00000006f8d80000, 0x000000076ab00000)
  object space 931328K, 78% used [0x00000006c0000000,0x00000006ec8406f8,0x00000006f8d80000)
 Metaspace       used 6778K, capacity 7384K, committed 7680K, reserved 1056768K
  class space    used 635K, capacity 656K, committed 768K, reserved 1048576K
}
Event: 62.080 GC heap before
{Heap before GC invocations=26 (full 5):
 PSYoungGen      total 986624K, used 968431K [0x000000076ab00000, 0x00000007c0000000, 0x00000007c0000000)
  eden space 668672K, 100% used [0x000000076ab00000,0x0000000793800000,0x0000000793800000)
  from space 317952K, 94% used [0x00000007abf00000,0x00000007be3bbc20,0x00000007bf580000)
  to   space 364544K, 0% used [0x0000000793800000,0x0000000793800000,0x00000007a9c00000)
 ParOldGen       total 931328K, used 729345K [0x00000006c0000000, 0x00000006f8d80000, 0x000000076ab00000)
  object space 931328K, 78% used [0x00000006c0000000,0x00000006ec8406f8,0x00000006f8d80000)
 Metaspace       used 6795K, capacity 7384K, committed 7680K, reserved 1056768K
  class space    used 635K, capacity 656K, committed 768K, reserved 1048576K
Event: 63.099 GC heap after
Heap after GC invocations=26 (full 5):
 PSYoungGen      total 1033216K, used 364541K [0x000000076ab00000, 0x00000007c0000000, 0x00000007c0000000)
  eden space 668672K, 0% used [0x000000076ab00000,0x000000076ab00000,0x0000000793800000)
  from space 364544K, 99% used [0x0000000793800000,0x00000007a9bff670,0x00000007a9c00000)
  to   space 364544K, 0% used [0x00000007a9c00000,0x00000007a9c00000,0x00000007c0000000)
 ParOldGen       total 931328K, used 767297K [0x00000006c0000000, 0x00000006f8d80000, 0x000000076ab00000)
  object space 931328K, 82% used [0x00000006c0000000,0x00000006eed50788,0x00000006f8d80000)
 Metaspace       used 6795K, capacity 7384K, committed 7680K, reserved 1056768K
  class space    used 635K, capacity 656K, committed 768K, reserved 1048576K
}

