# JRE version: Java(TM) SE Runtime Environment (8.0_101-b13) (build 1.8.0_101-b13)
# Java VM: Java HotSpot(TM) 64-Bit Server VM (25.101-b13 mixed mode windows-amd64 compressed oops)
Heap:
 PSYoungGen      total 802304K, used 558686K [0x000000076ab00000, 0x00000007ac200000, 0x00000007c0000000)
  eden space 625664K, 61% used [0x000000076ab00000,0x00000007823f2058,0x0000000790e00000)
  from space 176640K, 97% used [0x000000079d680000,0x00000007a7f25a70,0x00000007a8300000)
  to   space 205312K, 0% used [0x0000000790e00000,0x0000000790e00000,0x000000079d680000)
 ParOldGen       total 578560K, used 445193K [0x00000006c0000000, 0x00000006e3500000, 0x000000076ab00000)
  object space 578560K, 76% used [0x00000006c0000000,0x00000006db2c25a8,0x00000006e3500000)
 Metaspace       used 6696K, capacity 7320K, committed 7680K, reserved 1056768K
  class space    used 629K, capacity 656K, committed 768K, reserved 1048576K
GC Heap History (10 events):
Event: 26.620 GC heap before
{Heap before GC invocations=16 (full 3):
 PSYoungGen      total 588288K, used 565774K [0x000000076ab00000, 0x0000000795080000, 0x00000007c0000000)
  eden space 497152K, 100% used [0x000000076ab00000,0x0000000789080000,0x0000000789080000)
  from space 91136K, 75% used [0x000000078f200000,0x00000007935038b0,0x0000000794b00000)
  to   space 98304K, 0% used [0x0000000789080000,0x0000000789080000,0x000000078f080000)
 ParOldGen       total 372224K, used 225132K [0x00000006c0000000, 0x00000006d6b80000, 0x000000076ab00000)
  object space 372224K, 60% used [0x00000006c0000000,0x00000006cdbdb220,0x00000006d6b80000)
 Metaspace       used 6676K, capacity 7320K, committed 7680K, reserved 1056768K
  class space    used 626K, capacity 656K, committed 768K, reserved 1048576K
Event: 27.224 GC heap after
Heap after GC invocations=16 (full 3):
 PSYoungGen      total 595456K, used 98289K [0x000000076ab00000, 0x000000079df00000, 0x00000007c0000000)
  eden space 497152K, 0% used [0x000000076ab00000,0x000000076ab00000,0x0000000789080000)
  from space 98304K, 99% used [0x0000000789080000,0x000000078f07c538,0x000000078f080000)
  to   space 131584K, 0% used [0x0000000795e80000,0x0000000795e80000,0x000000079df00000)
 ParOldGen       total 372224K, used 269041K [0x00000006c0000000, 0x00000006d6b80000, 0x000000076ab00000)
  object space 372224K, 72% used [0x00000006c0000000,0x00000006d06bc708,0x00000006d6b80000)
 Metaspace       used 6676K, capacity 7320K, committed 7680K, reserved 1056768K
  class space    used 626K, capacity 656K, committed 768K, reserved 1048576K
}
Event: 29.947 GC heap before
{Heap before GC invocations=17 (full 3):
 PSYoungGen      total 595456K, used 595441K [0x000000076ab00000, 0x000000079df00000, 0x00000007c0000000)
  eden space 497152K, 100% used [0x000000076ab00000,0x0000000789080000,0x0000000789080000)
  from space 98304K, 99% used [0x0000000789080000,0x000000078f07c538,0x000000078f080000)
  to   space 131584K, 0% used [0x0000000795e80000,0x0000000795e80000,0x000000079df00000)
 ParOldGen       total 372224K, used 269041K [0x00000006c0000000, 0x00000006d6b80000, 0x000000076ab00000)
  object space 372224K, 72% used [0x00000006c0000000,0x00000006d06bc708,0x00000006d6b80000)
 Metaspace       used 6678K, capacity 7320K, committed 7680K, reserved 1056768K
  class space    used 626K, capacity 656K, committed 768K, reserved 1048576K
Event: 30.770 GC heap after
Heap after GC invocations=17 (full 3):
 PSYoungGen      total 692224K, used 112286K [0x000000076ab00000, 0x00000007a0900000, 0x00000007c0000000)
  eden space 560640K, 0% used [0x000000076ab00000,0x000000076ab00000,0x000000078ce80000)
  from space 131584K, 85% used [0x0000000795e80000,0x000000079cc27b50,0x000000079df00000)
  to   space 147456K, 0% used [0x000000078ce80000,0x000000078ce80000,0x0000000795e80000)
 ParOldGen       total 372224K, used 329888K [0x00000006c0000000, 0x00000006d6b80000, 0x000000076ab00000)
  object space 372224K, 88% used [0x00000006c0000000,0x00000006d4228008,0x00000006d6b80000)
 Metaspace       used 6678K, capacity 7320K, committed 7680K, reserved 1056768K
  class space    used 626K, capacity 656K, committed 768K, reserved 1048576K
}
Event: 30.770 GC heap before
{Heap before GC invocations=18 (full 4):
 PSYoungGen      total 692224K, used 112286K [0x000000076ab00000, 0x00000007a0900000, 0x00000007c0000000)
  eden space 560640K, 0% used [0x000000076ab00000,0x000000076ab00000,0x000000078ce80000)
  from space 131584K, 85% used [0x0000000795e80000,0x000000079cc27b50,0x000000079df00000)
  to   space 147456K, 0% used [0x000000078ce80000,0x000000078ce80000,0x0000000795e80000)
 ParOldGen       total 372224K, used 329888K [0x00000006c0000000, 0x00000006d6b80000, 0x000000076ab00000)
  object space 372224K, 88% used [0x00000006c0000000,0x00000006d4228008,0x00000006d6b80000)
 Metaspace       used 6678K, capacity 7320K, committed 7680K, reserved 1056768K
  class space    used 626K, capacity 656K, committed 768K, reserved 1048576K
Event: 34.848 GC heap after
Heap after GC invocations=18 (full 4):
 PSYoungGen      total 692224K, used 66850K [0x000000076ab00000, 0x00000007a0900000, 0x00000007c0000000)
  eden space 560640K, 0% used [0x000000076ab00000,0x000000076ab00000,0x000000078ce80000)
  from space 131584K, 50% used [0x0000000795e80000,0x0000000799fc8b20,0x000000079df00000)
  to   space 147456K, 0% used [0x000000078ce80000,0x000000078ce80000,0x0000000795e80000)
 ParOldGen       total 578560K, used 372021K [0x00000006c0000000, 0x00000006e3500000, 0x000000076ab00000)
  object space 578560K, 64% used [0x00000006c0000000,0x00000006d6b4d6d8,0x00000006e3500000)
 Metaspace       used 6678K, capacity 7320K, committed 7680K, reserved 1056768K
  class space    used 626K, capacity 656K, committed 768K, reserved 1048576K
}
Event: 38.054 GC heap before
{Heap before GC invocations=19 (full 4):
 PSYoungGen      total 692224K, used 627490K [0x000000076ab00000, 0x00000007a0900000, 0x00000007c0000000)
  eden space 560640K, 100% used [0x000000076ab00000,0x000000078ce80000,0x000000078ce80000)
  from space 131584K, 50% used [0x0000000795e80000,0x0000000799fc8b20,0x000000079df00000)
  to   space 147456K, 0% used [0x000000078ce80000,0x000000078ce80000,0x0000000795e80000)
 ParOldGen       total 578560K, used 372021K [0x00000006c0000000, 0x00000006e3500000, 0x000000076ab00000)
  object space 578560K, 64% used [0x00000006c0000000,0x00000006d6b4d6d8,0x00000006e3500000)
 Metaspace       used 6691K, capacity 7320K, committed 7680K, reserved 1056768K
  class space    used 627K, capacity 656K, committed 768K, reserved 1048576K
Event: 38.533 GC heap after
Heap after GC invocations=19 (full 4):
 PSYoungGen      total 708096K, used 147429K [0x000000076ab00000, 0x00000007a8300000, 0x00000007c0000000)
  eden space 560640K, 0% used [0x000000076ab00000,0x000000076ab00000,0x000000078ce80000)
  from space 147456K, 99% used [0x000000078ce80000,0x0000000795e794d0,0x0000000795e80000)
  to   space 176640K, 0% used [0x000000079d680000,0x000000079d680000,0x00000007a8300000)
 ParOldGen       total 578560K, used 382372K [0x00000006c0000000, 0x00000006e3500000, 0x000000076ab00000)
  object space 578560K, 66% used [0x00000006c0000000,0x00000006d75691f0,0x00000006e3500000)
 Metaspace       used 6691K, capacity 7320K, committed 7680K, reserved 1056768K
  class space    used 627K, capacity 656K, committed 768K, reserved 1048576K
}
Event: 40.929 GC heap before
{Heap before GC invocations=20 (full 4):
 PSYoungGen      total 708096K, used 708069K [0x000000076ab00000, 0x00000007a8300000, 0x00000007c0000000)
  eden space 560640K, 100% used [0x000000076ab00000,0x000000078ce80000,0x000000078ce80000)
  from space 147456K, 99% used [0x000000078ce80000,0x0000000795e794d0,0x0000000795e80000)
  to   space 176640K, 0% used [0x000000079d680000,0x000000079d680000,0x00000007a8300000)
 ParOldGen       total 578560K, used 382372K [0x00000006c0000000, 0x00000006e3500000, 0x000000076ab00000)
  object space 578560K, 66% used [0x00000006c0000000,0x00000006d75691f0,0x00000006e3500000)
 Metaspace       used 6696K, capacity 7320K, committed 7680K, reserved 1056768K
  class space    used 629K, capacity 656K, committed 768K, reserved 1048576K
Event: 41.486 GC heap after
Heap after GC invocations=20 (full 4):
 PSYoungGen      total 802304K, used 172694K [0x000000076ab00000, 0x00000007ac200000, 0x00000007c0000000)
  eden space 625664K, 0% used [0x000000076ab00000,0x000000076ab00000,0x0000000790e00000)
  from space 176640K, 97% used [0x000000079d680000,0x00000007a7f25a70,0x00000007a8300000)
  to   space 205312K, 0% used [0x0000000790e00000,0x0000000790e00000,0x000000079d680000)
 ParOldGen       total 578560K, used 445193K [0x00000006c0000000, 0x00000006e3500000, 0x000000076ab00000)
  object space 578560K, 76% used [0x00000006c0000000,0x00000006db2c25a8,0x00000006e3500000)
 Metaspace       used 6696K, capacity 7320K, committed 7680K, reserved 1056768K
  class space    used 629K, capacity 656K, committed 768K, reserved 1048576K
}

