# JRE version: Java(TM) SE Runtime Environment (8.0_101-b13) (build 1.8.0_101-b13)
# Java VM: Java HotSpot(TM) 64-Bit Server VM (25.101-b13 mixed mode windows-amd64 compressed oops)
Heap:
 PSYoungGen      total 1004032K, used 222142K [0x000000076ab00000, 0x00000007c0000000, 0x00000007c0000000)
  eden space 669184K, 33% used [0x000000076ab00000,0x00000007783efa08,0x0000000793880000)
  from space 334848K, 0% used [0x0000000793880000,0x0000000793880000,0x00000007a7f80000)
  to   space 393728K, 0% used [0x00000007a7f80000,0x00000007a7f80000,0x00000007c0000000)
 ParOldGen       total 1336320K, used 950398K [0x00000006c0000000, 0x0000000711900000, 0x000000076ab00000)
  object space 1336320K, 71% used [0x00000006c0000000,0x00000006fa01fa60,0x0000000711900000)
 Metaspace       used 7103K, capacity 7672K, committed 7936K, reserved 1056768K
  class space    used 650K, capacity 688K, committed 768K, reserved 1048576K
GC Heap History (10 events):
Event: 48.423 GC heap before
{Heap before GC invocations=23 (full 5):
 PSYoungGen      total 773120K, used 761476K [0x000000076ab00000, 0x00000007b7180000, 0x00000007c0000000)
  eden space 573952K, 100% used [0x000000076ab00000,0x000000078db80000,0x000000078db80000)
  from space 199168K, 94% used [0x000000078db80000,0x00000007992a1320,0x0000000799e00000)
  to   space 304128K, 0% used [0x00000007a4880000,0x00000007a4880000,0x00000007b7180000)
 ParOldGen       total 951808K, used 628563K [0x00000006c0000000, 0x00000006fa180000, 0x000000076ab00000)
  object space 951808K, 66% used [0x00000006c0000000,0x00000006e65d4c88,0x00000006fa180000)
 Metaspace       used 6691K, capacity 7320K, committed 7680K, reserved 1056768K
  class space    used 629K, capacity 656K, committed 768K, reserved 1048576K
Event: 49.215 GC heap after
Heap after GC invocations=23 (full 5):
 PSYoungGen      total 897536K, used 103794K [0x000000076ab00000, 0x00000007b4580000, 0x00000007c0000000)
  eden space 638464K, 0% used [0x000000076ab00000,0x000000076ab00000,0x0000000791a80000)
  from space 259072K, 40% used [0x00000007a4880000,0x00000007aaddca38,0x00000007b4580000)
  to   space 284160K, 0% used [0x0000000791a80000,0x0000000791a80000,0x00000007a3000000)
 ParOldGen       total 951808K, used 783746K [0x00000006c0000000, 0x00000006fa180000, 0x000000076ab00000)
  object space 951808K, 82% used [0x00000006c0000000,0x00000006efd60a90,0x00000006fa180000)
 Metaspace       used 6691K, capacity 7320K, committed 7680K, reserved 1056768K
  class space    used 629K, capacity 656K, committed 768K, reserved 1048576K
}
Event: 51.589 GC heap before
{Heap before GC invocations=24 (full 5):
 PSYoungGen      total 897536K, used 742258K [0x000000076ab00000, 0x00000007b4580000, 0x00000007c0000000)
  eden space 638464K, 100% used [0x000000076ab00000,0x0000000791a80000,0x0000000791a80000)
  from space 259072K, 40% used [0x00000007a4880000,0x00000007aaddca38,0x00000007b4580000)
  to   space 284160K, 0% used [0x0000000791a80000,0x0000000791a80000,0x00000007a3000000)
 ParOldGen       total 951808K, used 783746K [0x00000006c0000000, 0x00000006fa180000, 0x000000076ab00000)
  object space 951808K, 82% used [0x00000006c0000000,0x00000006efd60a90,0x00000006fa180000)
 Metaspace       used 6692K, capacity 7320K, committed 7680K, reserved 1056768K
  class space    used 629K, capacity 656K, committed 768K, reserved 1048576K
Event: 51.976 GC heap after
Heap after GC invocations=24 (full 5):
 PSYoungGen      total 922624K, used 177380K [0x000000076ab00000, 0x00000007b9e00000, 0x00000007c0000000)
  eden space 638464K, 0% used [0x000000076ab00000,0x000000076ab00000,0x0000000791a80000)
  from space 284160K, 62% used [0x0000000791a80000,0x000000079c7b9348,0x00000007a3000000)
  to   space 293376K, 0% used [0x00000007a7f80000,0x00000007a7f80000,0x00000007b9e00000)
 ParOldGen       total 951808K, used 783746K [0x00000006c0000000, 0x00000006fa180000, 0x000000076ab00000)
  object space 951808K, 82% used [0x00000006c0000000,0x00000006efd60a90,0x00000006fa180000)
 Metaspace       used 6692K, capacity 7320K, committed 7680K, reserved 1056768K
  class space    used 629K, capacity 656K, committed 768K, reserved 1048576K
}
Event: 54.502 GC heap before
{Heap before GC invocations=25 (full 5):
 PSYoungGen      total 922624K, used 815844K [0x000000076ab00000, 0x00000007b9e00000, 0x00000007c0000000)
  eden space 638464K, 100% used [0x000000076ab00000,0x0000000791a80000,0x0000000791a80000)
  from space 284160K, 62% used [0x0000000791a80000,0x000000079c7b9348,0x00000007a3000000)
  to   space 293376K, 0% used [0x00000007a7f80000,0x00000007a7f80000,0x00000007b9e00000)
 ParOldGen       total 951808K, used 783746K [0x00000006c0000000, 0x00000006fa180000, 0x000000076ab00000)
  object space 951808K, 82% used [0x00000006c0000000,0x00000006efd60a90,0x00000006fa180000)
 Metaspace       used 6799K, capacity 7384K, committed 7680K, reserved 1056768K
  class space    used 635K, capacity 656K, committed 768K, reserved 1048576K
Event: 55.178 GC heap after
Heap after GC invocations=25 (full 5):
 PSYoungGen      total 962560K, used 272696K [0x000000076ab00000, 0x00000007bf600000, 0x00000007c0000000)
  eden space 669184K, 0% used [0x000000076ab00000,0x000000076ab00000,0x0000000793880000)
  from space 293376K, 92% used [0x00000007a7f80000,0x00000007b89ce040,0x00000007b9e00000)
  to   space 334848K, 0% used [0x0000000793880000,0x0000000793880000,0x00000007a7f80000)
 ParOldGen       total 951808K, used 783746K [0x00000006c0000000, 0x00000006fa180000, 0x000000076ab00000)
  object space 951808K, 82% used [0x00000006c0000000,0x00000006efd60a90,0x00000006fa180000)
 Metaspace       used 6799K, capacity 7384K, committed 7680K, reserved 1056768K
  class space    used 635K, capacity 656K, committed 768K, reserved 1048576K
}
Event: 58.164 GC heap before
{Heap before GC invocations=26 (full 5):
 PSYoungGen      total 962560K, used 941880K [0x000000076ab00000, 0x00000007bf600000, 0x00000007c0000000)
  eden space 669184K, 100% used [0x000000076ab00000,0x0000000793880000,0x0000000793880000)
  from space 293376K, 92% used [0x00000007a7f80000,0x00000007b89ce040,0x00000007b9e00000)
  to   space 334848K, 0% used [0x0000000793880000,0x0000000793880000,0x00000007a7f80000)
 ParOldGen       total 951808K, used 783746K [0x00000006c0000000, 0x00000006fa180000, 0x000000076ab00000)
  object space 951808K, 82% used [0x00000006c0000000,0x00000006efd60a90,0x00000006fa180000)
 Metaspace       used 6820K, capacity 7384K, committed 7680K, reserved 1056768K
  class space    used 635K, capacity 656K, committed 768K, reserved 1048576K
Event: 59.192 GC heap after
Heap after GC invocations=26 (full 5):
 PSYoungGen      total 1004032K, used 334832K [0x000000076ab00000, 0x00000007c0000000, 0x00000007c0000000)
  eden space 669184K, 0% used [0x000000076ab00000,0x000000076ab00000,0x0000000793880000)
  from space 334848K, 99% used [0x0000000793880000,0x00000007a7f7c200,0x00000007a7f80000)
  to   space 393728K, 0% used [0x00000007a7f80000,0x00000007a7f80000,0x00000007c0000000)
 ParOldGen       total 951808K, used 823706K [0x00000006c0000000, 0x00000006fa180000, 0x000000076ab00000)
  object space 951808K, 86% used [0x00000006c0000000,0x00000006f2466828,0x00000006fa180000)
 Metaspace       used 6820K, capacity 7384K, committed 7680K, reserved 1056768K
  class space    used 635K, capacity 656K, committed 768K, reserved 1048576K
}
Event: 59.192 GC heap before
{Heap before GC invocations=27 (full 6):
 PSYoungGen      total 1004032K, used 334832K [0x000000076ab00000, 0x00000007c0000000, 0x00000007c0000000)
  eden space 669184K, 0% used [0x000000076ab00000,0x000000076ab00000,0x0000000793880000)
  from space 334848K, 99% used [0x0000000793880000,0x00000007a7f7c200,0x00000007a7f80000)
  to   space 393728K, 0% used [0x00000007a7f80000,0x00000007a7f80000,0x00000007c0000000)
 ParOldGen       total 951808K, used 823706K [0x00000006c0000000, 0x00000006fa180000, 0x000000076ab00000)
  object space 951808K, 86% used [0x00000006c0000000,0x00000006f2466828,0x00000006fa180000)
 Metaspace       used 6820K, capacity 7384K, committed 7680K, reserved 1056768K
  class space    used 635K, capacity 656K, committed 768K, reserved 1048576K
Event: 66.720 GC heap after
Heap after GC invocations=27 (full 6):
 PSYoungGen      total 1004032K, used 0K [0x000000076ab00000, 0x00000007c0000000, 0x00000007c0000000)
  eden space 669184K, 0% used [0x000000076ab00000,0x000000076ab00000,0x0000000793880000)
  from space 334848K, 0% used [0x0000000793880000,0x0000000793880000,0x00000007a7f80000)
  to   space 393728K, 0% used [0x00000007a7f80000,0x00000007a7f80000,0x00000007c0000000)
 ParOldGen       total 1336320K, used 950398K [0x00000006c0000000, 0x0000000711900000, 0x000000076ab00000)
  object space 1336320K, 71% used [0x00000006c0000000,0x00000006fa01fa60,0x0000000711900000)
 Metaspace       used 6820K, capacity 7384K, committed 7680K, reserved 1056768K
  class space    used 635K, capacity 656K, committed 768K, reserved 1048576K
}

