# JRE version: Java(TM) SE Runtime Environment (8.0_101-b13) (build 1.8.0_101-b13)
# Java VM: Java HotSpot(TM) 64-Bit Server VM (25.101-b13 mixed mode windows-amd64 compressed oops)
Heap:
 PSYoungGen      total 908800K, used 386176K [0x000000076ab00000, 0x00000007b8b00000, 0x00000007c0000000)
  eden space 614912K, 40% used [0x000000076ab00000,0x0000000779bc07a0,0x0000000790380000)
  from space 293888K, 47% used [0x0000000790380000,0x0000000798bdf948,0x00000007a2280000)
  to   space 289792K, 0% used [0x00000007a7000000,0x00000007a7000000,0x00000007b8b00000)
 ParOldGen       total 907776K, used 622865K [0x00000006c0000000, 0x00000006f7680000, 0x000000076ab00000)
  object space 907776K, 68% used [0x00000006c0000000,0x00000006e6044748,0x00000006f7680000)
 Metaspace       used 6809K, capacity 7384K, committed 7680K, reserved 1056768K
  class space    used 635K, capacity 656K, committed 768K, reserved 1048576K
GC Heap History (10 events):
Event: 39.169 GC heap before
{Heap before GC invocations=20 (full 4):
 PSYoungGen      total 711168K, used 709431K [0x000000076ab00000, 0x00000007a7600000, 0x00000007c0000000)
  eden space 561664K, 100% used [0x000000076ab00000,0x000000078cf80000,0x000000078cf80000)
  from space 149504K, 98% used [0x000000078cf80000,0x0000000795fcddc0,0x0000000796180000)
  to   space 174592K, 0% used [0x000000079cb80000,0x000000079cb80000,0x00000007a7600000)
 ParOldGen       total 582144K, used 374515K [0x00000006c0000000, 0x00000006e3880000, 0x000000076ab00000)
  object space 582144K, 64% used [0x00000006c0000000,0x00000006d6dbcf28,0x00000006e3880000)
 Metaspace       used 6700K, capacity 7320K, committed 7680K, reserved 1056768K
  class space    used 628K, capacity 656K, committed 768K, reserved 1048576K
Event: 39.680 GC heap after
Heap after GC invocations=20 (full 4):
 PSYoungGen      total 768512K, used 174575K [0x000000076ab00000, 0x00000007ae300000, 0x00000007c0000000)
  eden space 593920K, 0% used [0x000000076ab00000,0x000000076ab00000,0x000000078ef00000)
  from space 174592K, 99% used [0x000000079cb80000,0x00000007a75fbc10,0x00000007a7600000)
  to   space 225792K, 0% used [0x000000078ef00000,0x000000078ef00000,0x000000079cb80000)
 ParOldGen       total 582144K, used 431675K [0x00000006c0000000, 0x00000006e3880000, 0x000000076ab00000)
  object space 582144K, 74% used [0x00000006c0000000,0x00000006da58ef08,0x00000006e3880000)
 Metaspace       used 6700K, capacity 7320K, committed 7680K, reserved 1056768K
  class space    used 628K, capacity 656K, committed 768K, reserved 1048576K
}
Event: 42.448 GC heap before
{Heap before GC invocations=21 (full 4):
 PSYoungGen      total 768512K, used 768489K [0x000000076ab00000, 0x00000007ae300000, 0x00000007c0000000)
  eden space 593920K, 99% used [0x000000076ab00000,0x000000078eefebb8,0x000000078ef00000)
  from space 174592K, 99% used [0x000000079cb80000,0x00000007a75fbc10,0x00000007a7600000)
  to   space 225792K, 0% used [0x000000078ef00000,0x000000078ef00000,0x000000079cb80000)
 ParOldGen       total 582144K, used 431675K [0x00000006c0000000, 0x00000006e3880000, 0x000000076ab00000)
  object space 582144K, 74% used [0x00000006c0000000,0x00000006da58ef08,0x00000006e3880000)
 Metaspace       used 6701K, capacity 7320K, committed 7680K, reserved 1056768K
  class space    used 628K, capacity 656K, committed 768K, reserved 1048576K
Event: 42.971 GC heap after
Heap after GC invocations=21 (full 4):
 PSYoungGen      total 819712K, used 173107K [0x000000076ab00000, 0x00000007b1280000, 0x00000007c0000000)
  eden space 593920K, 0% used [0x000000076ab00000,0x000000076ab00000,0x000000078ef00000)
  from space 225792K, 76% used [0x000000078ef00000,0x000000079980cc60,0x000000079cb80000)
  to   space 245760K, 0% used [0x00000007a2280000,0x00000007a2280000,0x00000007b1280000)
 ParOldGen       total 582144K, used 488335K [0x00000006c0000000, 0x00000006e3880000, 0x000000076ab00000)
  object space 582144K, 83% used [0x00000006c0000000,0x00000006ddce3d60,0x00000006e3880000)
 Metaspace       used 6701K, capacity 7320K, committed 7680K, reserved 1056768K
  class space    used 628K, capacity 656K, committed 768K, reserved 1048576K
}
Event: 45.469 GC heap before
{Heap before GC invocations=22 (full 4):
 PSYoungGen      total 819712K, used 767027K [0x000000076ab00000, 0x00000007b1280000, 0x00000007c0000000)
  eden space 593920K, 100% used [0x000000076ab00000,0x000000078ef00000,0x000000078ef00000)
  from space 225792K, 76% used [0x000000078ef00000,0x000000079980cc60,0x000000079cb80000)
  to   space 245760K, 0% used [0x00000007a2280000,0x00000007a2280000,0x00000007b1280000)
 ParOldGen       total 582144K, used 488335K [0x00000006c0000000, 0x00000006e3880000, 0x000000076ab00000)
  object space 582144K, 83% used [0x00000006c0000000,0x00000006ddce3d60,0x00000006e3880000)
 Metaspace       used 6702K, capacity 7320K, committed 7680K, reserved 1056768K
  class space    used 629K, capacity 656K, committed 768K, reserved 1048576K
Event: 45.954 GC heap after
Heap after GC invocations=22 (full 4):
 PSYoungGen      total 860672K, used 245749K [0x000000076ab00000, 0x00000007b7400000, 0x00000007c0000000)
  eden space 614912K, 0% used [0x000000076ab00000,0x000000076ab00000,0x0000000790380000)
  from space 245760K, 99% used [0x00000007a2280000,0x00000007b127d430,0x00000007b1280000)
  to   space 293888K, 0% used [0x0000000790380000,0x0000000790380000,0x00000007a2280000)
 ParOldGen       total 582144K, used 504612K [0x00000006c0000000, 0x00000006e3880000, 0x000000076ab00000)
  object space 582144K, 86% used [0x00000006c0000000,0x00000006decc9090,0x00000006e3880000)
 Metaspace       used 6702K, capacity 7320K, committed 7680K, reserved 1056768K
  class space    used 629K, capacity 656K, committed 768K, reserved 1048576K
}
Event: 47.948 GC heap before
{Heap before GC invocations=23 (full 4):
 PSYoungGen      total 860672K, used 860661K [0x000000076ab00000, 0x00000007b7400000, 0x00000007c0000000)
  eden space 614912K, 100% used [0x000000076ab00000,0x0000000790380000,0x0000000790380000)
  from space 245760K, 99% used [0x00000007a2280000,0x00000007b127d430,0x00000007b1280000)
  to   space 293888K, 0% used [0x0000000790380000,0x0000000790380000,0x00000007a2280000)
 ParOldGen       total 582144K, used 504612K [0x00000006c0000000, 0x00000006e3880000, 0x000000076ab00000)
  object space 582144K, 86% used [0x00000006c0000000,0x00000006decc9090,0x00000006e3880000)
 Metaspace       used 6705K, capacity 7320K, committed 7680K, reserved 1056768K
  class space    used 629K, capacity 656K, committed 768K, reserved 1048576K
Event: 48.530 GC heap after
Heap after GC invocations=23 (full 4):
 PSYoungGen      total 908800K, used 146766K [0x000000076ab00000, 0x00000007b8b00000, 0x00000007c0000000)
  eden space 614912K, 0% used [0x000000076ab00000,0x000000076ab00000,0x0000000790380000)
  from space 293888K, 49% used [0x0000000790380000,0x00000007992d3b48,0x00000007a2280000)
  to   space 289792K, 0% used [0x00000007a7000000,0x00000007a7000000,0x00000007b8b00000)
 ParOldGen       total 623104K, used 622621K [0x00000006c0000000, 0x00000006e6080000, 0x000000076ab00000)
  object space 623104K, 99% used [0x00000006c0000000,0x00000006e6007728,0x00000006e6080000)
 Metaspace       used 6705K, capacity 7320K, committed 7680K, reserved 1056768K
  class space    used 629K, capacity 656K, committed 768K, reserved 1048576K
}
Event: 48.530 GC heap before
{Heap before GC invocations=24 (full 5):
 PSYoungGen      total 908800K, used 146766K [0x000000076ab00000, 0x00000007b8b00000, 0x00000007c0000000)
  eden space 614912K, 0% used [0x000000076ab00000,0x000000076ab00000,0x0000000790380000)
  from space 293888K, 49% used [0x0000000790380000,0x00000007992d3b48,0x00000007a2280000)
  to   space 289792K, 0% used [0x00000007a7000000,0x00000007a7000000,0x00000007b8b00000)
 ParOldGen       total 623104K, used 622621K [0x00000006c0000000, 0x00000006e6080000, 0x000000076ab00000)
  object space 623104K, 99% used [0x00000006c0000000,0x00000006e6007728,0x00000006e6080000)
 Metaspace       used 6705K, capacity 7320K, committed 7680K, reserved 1056768K
  class space    used 629K, capacity 656K, committed 768K, reserved 1048576K
Event: 54.441 GC heap after
Heap after GC invocations=24 (full 5):
 PSYoungGen      total 908800K, used 139646K [0x000000076ab00000, 0x00000007b8b00000, 0x00000007c0000000)
  eden space 614912K, 0% used [0x000000076ab00000,0x000000076ab00000,0x0000000790380000)
  from space 293888K, 47% used [0x0000000790380000,0x0000000798bdf948,0x00000007a2280000)
  to   space 289792K, 0% used [0x00000007a7000000,0x00000007a7000000,0x00000007b8b00000)
 ParOldGen       total 907776K, used 622865K [0x00000006c0000000, 0x00000006f7680000, 0x000000076ab00000)
  object space 907776K, 68% used [0x00000006c0000000,0x00000006e6044748,0x00000006f7680000)
 Metaspace       used 6705K, capacity 7320K, committed 7680K, reserved 1056768K
  class space    used 629K, capacity 656K, committed 768K, reserved 1048576K
}

