# JRE version: Java(TM) SE Runtime Environment (8.0_101-b13) (build 1.8.0_101-b13)
# Java VM: Java HotSpot(TM) 64-Bit Server VM (25.101-b13 mixed mode windows-amd64 compressed oops)
Heap:
 PSYoungGen      total 753664K, used 379007K [0x000000076ab00000, 0x00000007b4800000, 0x00000007c0000000)
  eden space 564224K, 46% used [0x000000076ab00000,0x000000077a932658,0x000000078d200000)
  from space 189440K, 62% used [0x000000079da80000,0x00000007a4e6d620,0x00000007a9380000)
  to   space 270848K, 0% used [0x000000078d200000,0x000000078d200000,0x000000079da80000)
 ParOldGen       total 865792K, used 584955K [0x00000006c0000000, 0x00000006f4d80000, 0x000000076ab00000)
  object space 865792K, 67% used [0x00000006c0000000,0x00000006e3b3ec68,0x00000006f4d80000)
 Metaspace       used 6696K, capacity 7320K, committed 7680K, reserved 1056768K
  class space    used 628K, capacity 656K, committed 768K, reserved 1048576K
GC Heap History (10 events):
Event: 28.744 GC heap before
{Heap before GC invocations=17 (full 3):
 PSYoungGen      total 611840K, used 611839K [0x000000076ab00000, 0x000000079f200000, 0x00000007c0000000)
  eden space 508928K, 100% used [0x000000076ab00000,0x0000000789c00000,0x0000000789c00000)
  from space 102912K, 99% used [0x0000000789c00000,0x000000079007fc08,0x0000000790080000)
  to   space 139776K, 0% used [0x0000000796980000,0x0000000796980000,0x000000079f200000)
 ParOldGen       total 375296K, used 281572K [0x00000006c0000000, 0x00000006d6e80000, 0x000000076ab00000)
  object space 375296K, 75% used [0x00000006c0000000,0x00000006d12f9238,0x00000006d6e80000)
 Metaspace       used 6685K, capacity 7320K, committed 7680K, reserved 1056768K
  class space    used 627K, capacity 656K, committed 768K, reserved 1048576K
Event: 29.712 GC heap after
Heap after GC invocations=17 (full 3):
 PSYoungGen      total 702464K, used 118876K [0x000000076ab00000, 0x00000007a2380000, 0x00000007c0000000)
  eden space 562688K, 0% used [0x000000076ab00000,0x000000076ab00000,0x000000078d080000)
  from space 139776K, 85% used [0x0000000796980000,0x000000079dd97158,0x000000079f200000)
  to   space 156672K, 0% used [0x000000078d080000,0x000000078d080000,0x0000000796980000)
 ParOldGen       total 375296K, used 346936K [0x00000006c0000000, 0x00000006d6e80000, 0x000000076ab00000)
  object space 375296K, 92% used [0x00000006c0000000,0x00000006d52ce1f8,0x00000006d6e80000)
 Metaspace       used 6685K, capacity 7320K, committed 7680K, reserved 1056768K
  class space    used 627K, capacity 656K, committed 768K, reserved 1048576K
}
Event: 29.712 GC heap before
{Heap before GC invocations=18 (full 4):
 PSYoungGen      total 702464K, used 118876K [0x000000076ab00000, 0x00000007a2380000, 0x00000007c0000000)
  eden space 562688K, 0% used [0x000000076ab00000,0x000000076ab00000,0x000000078d080000)
  from space 139776K, 85% used [0x0000000796980000,0x000000079dd97158,0x000000079f200000)
  to   space 156672K, 0% used [0x000000078d080000,0x000000078d080000,0x0000000796980000)
 ParOldGen       total 375296K, used 346936K [0x00000006c0000000, 0x00000006d6e80000, 0x000000076ab00000)
  object space 375296K, 92% used [0x00000006c0000000,0x00000006d52ce1f8,0x00000006d6e80000)
 Metaspace       used 6685K, capacity 7320K, committed 7680K, reserved 1056768K
  class space    used 627K, capacity 656K, committed 768K, reserved 1048576K
Event: 36.996 GC heap after
Heap after GC invocations=18 (full 4):
 PSYoungGen      total 702464K, used 87229K [0x000000076ab00000, 0x00000007a2380000, 0x00000007c0000000)
  eden space 562688K, 0% used [0x000000076ab00000,0x000000076ab00000,0x000000078d080000)
  from space 139776K, 62% used [0x0000000796980000,0x000000079beaf4b8,0x000000079f200000)
  to   space 156672K, 0% used [0x000000078d080000,0x000000078d080000,0x0000000796980000)
 ParOldGen       total 585216K, used 375132K [0x00000006c0000000, 0x00000006e3b80000, 0x000000076ab00000)
  object space 585216K, 64% used [0x00000006c0000000,0x00000006d6e57020,0x00000006e3b80000)
 Metaspace       used 6685K, capacity 7320K, committed 7680K, reserved 1056768K
  class space    used 627K, capacity 656K, committed 768K, reserved 1048576K
}
Event: 39.494 GC heap before
{Heap before GC invocations=19 (full 4):
 PSYoungGen      total 702464K, used 649917K [0x000000076ab00000, 0x00000007a2380000, 0x00000007c0000000)
  eden space 562688K, 100% used [0x000000076ab00000,0x000000078d080000,0x000000078d080000)
  from space 139776K, 62% used [0x0000000796980000,0x000000079beaf4b8,0x000000079f200000)
  to   space 156672K, 0% used [0x000000078d080000,0x000000078d080000,0x0000000796980000)
 ParOldGen       total 585216K, used 375132K [0x00000006c0000000, 0x00000006e3b80000, 0x000000076ab00000)
  object space 585216K, 64% used [0x00000006c0000000,0x00000006d6e57020,0x00000006e3b80000)
 Metaspace       used 6695K, capacity 7320K, committed 7680K, reserved 1056768K
  class space    used 628K, capacity 656K, committed 768K, reserved 1048576K
Event: 40.055 GC heap after
Heap after GC invocations=19 (full 4):
 PSYoungGen      total 719360K, used 156655K [0x000000076ab00000, 0x00000007a9380000, 0x00000007c0000000)
  eden space 562688K, 0% used [0x000000076ab00000,0x000000076ab00000,0x000000078d080000)
  from space 156672K, 99% used [0x000000078d080000,0x000000079697bc18,0x0000000796980000)
  to   space 189440K, 0% used [0x000000079da80000,0x000000079da80000,0x00000007a9380000)
 ParOldGen       total 585216K, used 390956K [0x00000006c0000000, 0x00000006e3b80000, 0x000000076ab00000)
  object space 585216K, 66% used [0x00000006c0000000,0x00000006d7dcb018,0x00000006e3b80000)
 Metaspace       used 6695K, capacity 7320K, committed 7680K, reserved 1056768K
  class space    used 628K, capacity 656K, committed 768K, reserved 1048576K
}
Event: 43.602 GC heap before
{Heap before GC invocations=20 (full 4):
 PSYoungGen      total 719360K, used 719343K [0x000000076ab00000, 0x00000007a9380000, 0x00000007c0000000)
  eden space 562688K, 100% used [0x000000076ab00000,0x000000078d080000,0x000000078d080000)
  from space 156672K, 99% used [0x000000078d080000,0x000000079697bc18,0x0000000796980000)
  to   space 189440K, 0% used [0x000000079da80000,0x000000079da80000,0x00000007a9380000)
 ParOldGen       total 585216K, used 390956K [0x00000006c0000000, 0x00000006e3b80000, 0x000000076ab00000)
  object space 585216K, 66% used [0x00000006c0000000,0x00000006d7dcb018,0x00000006e3b80000)
 Metaspace       used 6696K, capacity 7320K, committed 7680K, reserved 1056768K
  class space    used 628K, capacity 656K, committed 768K, reserved 1048576K
Event: 45.187 GC heap after
Heap after GC invocations=20 (full 4):
 PSYoungGen      total 753664K, used 189413K [0x000000076ab00000, 0x00000007b4800000, 0x00000007c0000000)
  eden space 564224K, 0% used [0x000000076ab00000,0x000000076ab00000,0x000000078d200000)
  from space 189440K, 99% used [0x000000079da80000,0x00000007a9379610,0x00000007a9380000)
  to   space 270848K, 0% used [0x000000078d200000,0x000000078d200000,0x000000079da80000)
 ParOldGen       total 585216K, used 521651K [0x00000006c0000000, 0x00000006e3b80000, 0x000000076ab00000)
  object space 585216K, 89% used [0x00000006c0000000,0x00000006dfd6cec8,0x00000006e3b80000)
 Metaspace       used 6696K, capacity 7320K, committed 7680K, reserved 1056768K
  class space    used 628K, capacity 656K, committed 768K, reserved 1048576K
}
Event: 45.187 GC heap before
{Heap before GC invocations=21 (full 5):
 PSYoungGen      total 753664K, used 189413K [0x000000076ab00000, 0x00000007b4800000, 0x00000007c0000000)
  eden space 564224K, 0% used [0x000000076ab00000,0x000000076ab00000,0x000000078d200000)
  from space 189440K, 99% used [0x000000079da80000,0x00000007a9379610,0x00000007a9380000)
  to   space 270848K, 0% used [0x000000078d200000,0x000000078d200000,0x000000079da80000)
 ParOldGen       total 585216K, used 521651K [0x00000006c0000000, 0x00000006e3b80000, 0x000000076ab00000)
  object space 585216K, 89% used [0x00000006c0000000,0x00000006dfd6cec8,0x00000006e3b80000)
 Metaspace       used 6696K, capacity 7320K, committed 7680K, reserved 1056768K
  class space    used 628K, capacity 656K, committed 768K, reserved 1048576K
Event: 56.440 GC heap after
Heap after GC invocations=21 (full 5):
 PSYoungGen      total 753664K, used 118709K [0x000000076ab00000, 0x00000007b4800000, 0x00000007c0000000)
  eden space 564224K, 0% used [0x000000076ab00000,0x000000076ab00000,0x000000078d200000)
  from space 189440K, 62% used [0x000000079da80000,0x00000007a4e6d620,0x00000007a9380000)
  to   space 270848K, 0% used [0x000000078d200000,0x000000078d200000,0x000000079da80000)
 ParOldGen       total 865792K, used 584955K [0x00000006c0000000, 0x00000006f4d80000, 0x000000076ab00000)
  object space 865792K, 67% used [0x00000006c0000000,0x00000006e3b3ec68,0x00000006f4d80000)
 Metaspace       used 6696K, capacity 7320K, committed 7680K, reserved 1056768K
  class space    used 628K, capacity 656K, committed 768K, reserved 1048576K
}

