# JRE version: Java(TM) SE Runtime Environment (8.0_101-b13) (build 1.8.0_101-b13)
# Java VM: Java HotSpot(TM) 64-Bit Server VM (25.101-b13 mixed mode windows-amd64 compressed oops)
Heap:
 PSYoungGen      total 975360K, used 966894K [0x000000076ab00000, 0x00000007c0000000, 0x00000007c0000000)
  eden space 655360K, 100% used [0x000000076ab00000,0x0000000792b00000,0x0000000792b00000)
  from space 320000K, 97% used [0x00000007a9880000,0x00000007bc8bb990,0x00000007bd100000)
  to   space 371200K, 0% used [0x0000000792b00000,0x0000000792b00000,0x00000007a9580000)
 ParOldGen       total 904192K, used 696787K [0x00000006c0000000, 0x00000006f7300000, 0x000000076ab00000)
  object space 904192K, 77% used [0x00000006c0000000,0x00000006ea874e90,0x00000006f7300000)
 Metaspace       used 6802K, capacity 7384K, committed 7680K, reserved 1056768K
  class space    used 635K, capacity 656K, committed 768K, reserved 1048576K
GC Heap History (10 events):
Event: 44.736 GC heap before
{Heap before GC invocations=21 (full 4):
 PSYoungGen      total 733696K, used 733677K [0x000000076ab00000, 0x00000007a9c80000, 0x00000007c0000000)
  eden space 570368K, 100% used [0x000000076ab00000,0x000000078d800000,0x000000078d800000)
  from space 163328K, 99% used [0x000000079a280000,0x00000007a41fb7a0,0x00000007a4200000)
  to   space 207360K, 0% used [0x000000078d800000,0x000000078d800000,0x000000079a280000)
 ParOldGen       total 602112K, used 429454K [0x00000006c0000000, 0x00000006e4c00000, 0x000000076ab00000)
  object space 602112K, 71% used [0x00000006c0000000,0x00000006da363968,0x00000006e4c00000)
 Metaspace       used 6687K, capacity 7320K, committed 7680K, reserved 1056768K
  class space    used 629K, capacity 656K, committed 768K, reserved 1048576K
Event: 45.417 GC heap after
Heap after GC invocations=21 (full 4):
 PSYoungGen      total 777728K, used 207331K [0x000000076ab00000, 0x00000007b6380000, 0x00000007c0000000)
  eden space 570368K, 0% used [0x000000076ab00000,0x000000076ab00000,0x000000078d800000)
  from space 207360K, 99% used [0x000000078d800000,0x000000079a278c88,0x000000079a280000)
  to   space 298496K, 0% used [0x00000007a4000000,0x00000007a4000000,0x00000007b6380000)
 ParOldGen       total 602112K, used 579743K [0x00000006c0000000, 0x00000006e4c00000, 0x000000076ab00000)
  object space 602112K, 96% used [0x00000006c0000000,0x00000006e3627dd8,0x00000006e4c00000)
 Metaspace       used 6687K, capacity 7320K, committed 7680K, reserved 1056768K
  class space    used 629K, capacity 656K, committed 768K, reserved 1048576K
}
Event: 45.417 GC heap before
{Heap before GC invocations=22 (full 5):
 PSYoungGen      total 777728K, used 207331K [0x000000076ab00000, 0x00000007b6380000, 0x00000007c0000000)
  eden space 570368K, 0% used [0x000000076ab00000,0x000000076ab00000,0x000000078d800000)
  from space 207360K, 99% used [0x000000078d800000,0x000000079a278c88,0x000000079a280000)
  to   space 298496K, 0% used [0x00000007a4000000,0x00000007a4000000,0x00000007b6380000)
 ParOldGen       total 602112K, used 579743K [0x00000006c0000000, 0x00000006e4c00000, 0x000000076ab00000)
  object space 602112K, 96% used [0x00000006c0000000,0x00000006e3627dd8,0x00000006e4c00000)
 Metaspace       used 6687K, capacity 7320K, committed 7680K, reserved 1056768K
  class space    used 629K, capacity 656K, committed 768K, reserved 1048576K
Event: 51.249 GC heap after
Heap after GC invocations=22 (full 5):
 PSYoungGen      total 777728K, used 177123K [0x000000076ab00000, 0x00000007b6380000, 0x00000007c0000000)
  eden space 570368K, 0% used [0x000000076ab00000,0x000000076ab00000,0x000000078d800000)
  from space 207360K, 85% used [0x000000078d800000,0x00000007984f8f08,0x000000079a280000)
  to   space 298496K, 0% used [0x00000007a4000000,0x00000007a4000000,0x00000007b6380000)
 ParOldGen       total 904192K, used 601854K [0x00000006c0000000, 0x00000006f7300000, 0x000000076ab00000)
  object space 904192K, 66% used [0x00000006c0000000,0x00000006e4bbf8e8,0x00000006f7300000)
 Metaspace       used 6687K, capacity 7320K, committed 7680K, reserved 1056768K
  class space    used 629K, capacity 656K, committed 768K, reserved 1048576K
}
Event: 53.868 GC heap before
{Heap before GC invocations=23 (full 5):
 PSYoungGen      total 777728K, used 747491K [0x000000076ab00000, 0x00000007b6380000, 0x00000007c0000000)
  eden space 570368K, 100% used [0x000000076ab00000,0x000000078d800000,0x000000078d800000)
  from space 207360K, 85% used [0x000000078d800000,0x00000007984f8f08,0x000000079a280000)
  to   space 298496K, 0% used [0x00000007a4000000,0x00000007a4000000,0x00000007b6380000)
 ParOldGen       total 904192K, used 601854K [0x00000006c0000000, 0x00000006f7300000, 0x000000076ab00000)
  object space 904192K, 66% used [0x00000006c0000000,0x00000006e4bbf8e8,0x00000006f7300000)
 Metaspace       used 6687K, capacity 7320K, committed 7680K, reserved 1056768K
  class space    used 629K, capacity 656K, committed 768K, reserved 1048576K
Event: 54.650 GC heap after
Heap after GC invocations=23 (full 5):
 PSYoungGen      total 933888K, used 164638K [0x000000076ab00000, 0x00000007b6580000, 0x00000007c0000000)
  eden space 635392K, 0% used [0x000000076ab00000,0x000000076ab00000,0x0000000791780000)
  from space 298496K, 55% used [0x00000007a4000000,0x00000007ae0c78e8,0x00000007b6380000)
  to   space 302080K, 0% used [0x0000000791780000,0x0000000791780000,0x00000007a3e80000)
 ParOldGen       total 904192K, used 696787K [0x00000006c0000000, 0x00000006f7300000, 0x000000076ab00000)
  object space 904192K, 77% used [0x00000006c0000000,0x00000006ea874e90,0x00000006f7300000)
 Metaspace       used 6687K, capacity 7320K, committed 7680K, reserved 1056768K
  class space    used 629K, capacity 656K, committed 768K, reserved 1048576K
}
Event: 56.998 GC heap before
{Heap before GC invocations=24 (full 5):
 PSYoungGen      total 933888K, used 800030K [0x000000076ab00000, 0x00000007b6580000, 0x00000007c0000000)
  eden space 635392K, 100% used [0x000000076ab00000,0x0000000791780000,0x0000000791780000)
  from space 298496K, 55% used [0x00000007a4000000,0x00000007ae0c78e8,0x00000007b6380000)
  to   space 302080K, 0% used [0x0000000791780000,0x0000000791780000,0x00000007a3e80000)
 ParOldGen       total 904192K, used 696787K [0x00000006c0000000, 0x00000006f7300000, 0x000000076ab00000)
  object space 904192K, 77% used [0x00000006c0000000,0x00000006ea874e90,0x00000006f7300000)
 Metaspace       used 6688K, capacity 7320K, committed 7680K, reserved 1056768K
  class space    used 629K, capacity 656K, committed 768K, reserved 1048576K
Event: 57.467 GC heap after
Heap after GC invocations=24 (full 5):
 PSYoungGen      total 937472K, used 210208K [0x000000076ab00000, 0x00000007bd100000, 0x00000007c0000000)
  eden space 635392K, 0% used [0x000000076ab00000,0x000000076ab00000,0x0000000791780000)
  from space 302080K, 69% used [0x0000000791780000,0x000000079e4c82b0,0x00000007a3e80000)
  to   space 320000K, 0% used [0x00000007a9880000,0x00000007a9880000,0x00000007bd100000)
 ParOldGen       total 904192K, used 696787K [0x00000006c0000000, 0x00000006f7300000, 0x000000076ab00000)
  object space 904192K, 77% used [0x00000006c0000000,0x00000006ea874e90,0x00000006f7300000)
 Metaspace       used 6688K, capacity 7320K, committed 7680K, reserved 1056768K
  class space    used 629K, capacity 656K, committed 768K, reserved 1048576K
}
Event: 61.400 GC heap before
{Heap before GC invocations=25 (full 5):
 PSYoungGen      total 937472K, used 845600K [0x000000076ab00000, 0x00000007bd100000, 0x00000007c0000000)
  eden space 635392K, 100% used [0x000000076ab00000,0x0000000791780000,0x0000000791780000)
  from space 302080K, 69% used [0x0000000791780000,0x000000079e4c82b0,0x00000007a3e80000)
  to   space 320000K, 0% used [0x00000007a9880000,0x00000007a9880000,0x00000007bd100000)
 ParOldGen       total 904192K, used 696787K [0x00000006c0000000, 0x00000006f7300000, 0x000000076ab00000)
  object space 904192K, 77% used [0x00000006c0000000,0x00000006ea874e90,0x00000006f7300000)
 Metaspace       used 6796K, capacity 7384K, committed 7680K, reserved 1056768K
  class space    used 635K, capacity 656K, committed 768K, reserved 1048576K
Event: 62.259 GC heap after
Heap after GC invocations=25 (full 5):
 PSYoungGen      total 975360K, used 311534K [0x000000076ab00000, 0x00000007c0000000, 0x00000007c0000000)
  eden space 655360K, 0% used [0x000000076ab00000,0x000000076ab00000,0x0000000792b00000)
  from space 320000K, 97% used [0x00000007a9880000,0x00000007bc8bb990,0x00000007bd100000)
  to   space 371200K, 0% used [0x0000000792b00000,0x0000000792b00000,0x00000007a9580000)
 ParOldGen       total 904192K, used 696787K [0x00000006c0000000, 0x00000006f7300000, 0x000000076ab00000)
  object space 904192K, 77% used [0x00000006c0000000,0x00000006ea874e90,0x00000006f7300000)
 Metaspace       used 6796K, capacity 7384K, committed 7680K, reserved 1056768K
  class space    used 635K, capacity 656K, committed 768K, reserved 1048576K
}

