# JRE version: Java(TM) SE Runtime Environment (8.0_101-b13) (build 1.8.0_101-b13)
# Java VM: Java HotSpot(TM) 64-Bit Server VM (25.101-b13 mixed mode windows-amd64 compressed oops)
Heap:
 PSYoungGen      total 1015808K, used 209457K [0x000000076ab00000, 0x00000007c0000000, 0x00000007c0000000)
  eden space 633856K, 8% used [0x000000076ab00000,0x000000076e0df3b0,0x0000000791600000)
  from space 381952K, 40% used [0x0000000791600000,0x000000079acad348,0x00000007a8b00000)
  to   space 381952K, 0% used [0x00000007a8b00000,0x00000007a8b00000,0x00000007c0000000)
 ParOldGen       total 1165824K, used 834498K [0x00000006c0000000, 0x0000000707280000, 0x000000076ab00000)
  object space 1165824K, 71% used [0x00000006c0000000,0x00000006f2ef0bd8,0x0000000707280000)
 Metaspace       used 7049K, capacity 7608K, committed 7936K, reserved 1056768K
  class space    used 648K, capacity 688K, committed 768K, reserved 1048576K
GC Heap History (10 events):
Event: 61.893 GC heap before
{Heap before GC invocations=23 (full 5):
 PSYoungGen      total 841216K, used 801438K [0x000000076ab00000, 0x00000007b8100000, 0x00000007c0000000)
  eden space 624640K, 100% used [0x000000076ab00000,0x0000000790d00000,0x0000000790d00000)
  from space 216576K, 81% used [0x0000000790d00000,0x000000079b9a79d0,0x000000079e080000)
  to   space 284160K, 0% used [0x00000007a6b80000,0x00000007a6b80000,0x00000007b8100000)
 ParOldGen       total 834560K, used 568081K [0x00000006c0000000, 0x00000006f2f00000, 0x000000076ab00000)
  object space 834560K, 68% used [0x00000006c0000000,0x00000006e2ac4468,0x00000006f2f00000)
 Metaspace       used 6666K, capacity 7320K, committed 7680K, reserved 1056768K
  class space    used 628K, capacity 656K, committed 768K, reserved 1048576K
Event: 62.696 GC heap after
Heap after GC invocations=23 (full 5):
 PSYoungGen      total 965632K, used 197709K [0x000000076ab00000, 0x00000007ba200000, 0x00000007c0000000)
  eden space 681472K, 0% used [0x000000076ab00000,0x000000076ab00000,0x0000000794480000)
  from space 284160K, 69% used [0x00000007a6b80000,0x00000007b2c935b0,0x00000007b8100000)
  to   space 302080K, 0% used [0x0000000794480000,0x0000000794480000,0x00000007a6b80000)
 ParOldGen       total 834560K, used 699212K [0x00000006c0000000, 0x00000006f2f00000, 0x000000076ab00000)
  object space 834560K, 83% used [0x00000006c0000000,0x00000006eaad31b0,0x00000006f2f00000)
 Metaspace       used 6666K, capacity 7320K, committed 7680K, reserved 1056768K
  class space    used 628K, capacity 656K, committed 768K, reserved 1048576K
}
Event: 65.947 GC heap before
{Heap before GC invocations=24 (full 5):
 PSYoungGen      total 965632K, used 879181K [0x000000076ab00000, 0x00000007ba200000, 0x00000007c0000000)
  eden space 681472K, 100% used [0x000000076ab00000,0x0000000794480000,0x0000000794480000)
  from space 284160K, 69% used [0x00000007a6b80000,0x00000007b2c935b0,0x00000007b8100000)
  to   space 302080K, 0% used [0x0000000794480000,0x0000000794480000,0x00000007a6b80000)
 ParOldGen       total 834560K, used 699212K [0x00000006c0000000, 0x00000006f2f00000, 0x000000076ab00000)
  object space 834560K, 83% used [0x00000006c0000000,0x00000006eaad31b0,0x00000006f2f00000)
 Metaspace       used 6773K, capacity 7384K, committed 7680K, reserved 1056768K
  class space    used 635K, capacity 656K, committed 768K, reserved 1048576K
Event: 66.382 GC heap after
Heap after GC invocations=24 (full 5):
 PSYoungGen      total 983552K, used 228280K [0x000000076ab00000, 0x00000007c0000000, 0x00000007c0000000)
  eden space 681472K, 0% used [0x000000076ab00000,0x000000076ab00000,0x0000000794480000)
  from space 302080K, 75% used [0x0000000794480000,0x00000007a236e2c0,0x00000007a6b80000)
  to   space 326656K, 0% used [0x00000007ac100000,0x00000007ac100000,0x00000007c0000000)
 ParOldGen       total 834560K, used 699212K [0x00000006c0000000, 0x00000006f2f00000, 0x000000076ab00000)
  object space 834560K, 83% used [0x00000006c0000000,0x00000006eaad31b0,0x00000006f2f00000)
 Metaspace       used 6773K, capacity 7384K, committed 7680K, reserved 1056768K
  class space    used 635K, capacity 656K, committed 768K, reserved 1048576K
}
Event: 68.884 GC heap before
{Heap before GC invocations=25 (full 5):
 PSYoungGen      total 983552K, used 909752K [0x000000076ab00000, 0x00000007c0000000, 0x00000007c0000000)
  eden space 681472K, 100% used [0x000000076ab00000,0x0000000794480000,0x0000000794480000)
  from space 302080K, 75% used [0x0000000794480000,0x00000007a236e2c0,0x00000007a6b80000)
  to   space 326656K, 0% used [0x00000007ac100000,0x00000007ac100000,0x00000007c0000000)
 ParOldGen       total 834560K, used 699212K [0x00000006c0000000, 0x00000006f2f00000, 0x000000076ab00000)
  object space 834560K, 83% used [0x00000006c0000000,0x00000006eaad31b0,0x00000006f2f00000)
 Metaspace       used 6773K, capacity 7384K, committed 7680K, reserved 1056768K
  class space    used 635K, capacity 656K, committed 768K, reserved 1048576K
Event: 69.664 GC heap after
Heap after GC invocations=25 (full 5):
 PSYoungGen      total 960512K, used 326495K [0x000000076ab00000, 0x00000007c0000000, 0x00000007c0000000)
  eden space 633856K, 0% used [0x000000076ab00000,0x000000076ab00000,0x0000000791600000)
  from space 326656K, 99% used [0x00000007ac100000,0x00000007bffd7e08,0x00000007c0000000)
  to   space 381952K, 0% used [0x0000000791600000,0x0000000791600000,0x00000007a8b00000)
 ParOldGen       total 834560K, used 699212K [0x00000006c0000000, 0x00000006f2f00000, 0x000000076ab00000)
  object space 834560K, 83% used [0x00000006c0000000,0x00000006eaad31b0,0x00000006f2f00000)
 Metaspace       used 6773K, capacity 7384K, committed 7680K, reserved 1056768K
  class space    used 635K, capacity 656K, committed 768K, reserved 1048576K
}
Event: 73.685 GC heap before
{Heap before GC invocations=26 (full 5):
 PSYoungGen      total 960512K, used 960351K [0x000000076ab00000, 0x00000007c0000000, 0x00000007c0000000)
  eden space 633856K, 100% used [0x000000076ab00000,0x0000000791600000,0x0000000791600000)
  from space 326656K, 99% used [0x00000007ac100000,0x00000007bffd7e08,0x00000007c0000000)
  to   space 381952K, 0% used [0x0000000791600000,0x0000000791600000,0x00000007a8b00000)
 ParOldGen       total 834560K, used 699212K [0x00000006c0000000, 0x00000006f2f00000, 0x000000076ab00000)
  object space 834560K, 83% used [0x00000006c0000000,0x00000006eaad31b0,0x00000006f2f00000)
 Metaspace       used 7021K, capacity 7608K, committed 7936K, reserved 1056768K
  class space    used 647K, capacity 688K, committed 768K, reserved 1048576K
Event: 74.858 GC heap after
Heap after GC invocations=26 (full 5):
 PSYoungGen      total 1015808K, used 381932K [0x000000076ab00000, 0x00000007c0000000, 0x00000007c0000000)
  eden space 633856K, 0% used [0x000000076ab00000,0x000000076ab00000,0x0000000791600000)
  from space 381952K, 99% used [0x0000000791600000,0x00000007a8afb2b8,0x00000007a8b00000)
  to   space 381952K, 0% used [0x00000007a8b00000,0x00000007a8b00000,0x00000007c0000000)
 ParOldGen       total 834560K, used 748677K [0x00000006c0000000, 0x00000006f2f00000, 0x000000076ab00000)
  object space 834560K, 89% used [0x00000006c0000000,0x00000006edb215d0,0x00000006f2f00000)
 Metaspace       used 7021K, capacity 7608K, committed 7936K, reserved 1056768K
  class space    used 647K, capacity 688K, committed 768K, reserved 1048576K
}
Event: 74.858 GC heap before
{Heap before GC invocations=27 (full 6):
 PSYoungGen      total 1015808K, used 381932K [0x000000076ab00000, 0x00000007c0000000, 0x00000007c0000000)
  eden space 633856K, 0% used [0x000000076ab00000,0x000000076ab00000,0x0000000791600000)
  from space 381952K, 99% used [0x0000000791600000,0x00000007a8afb2b8,0x00000007a8b00000)
  to   space 381952K, 0% used [0x00000007a8b00000,0x00000007a8b00000,0x00000007c0000000)
 ParOldGen       total 834560K, used 748677K [0x00000006c0000000, 0x00000006f2f00000, 0x000000076ab00000)
  object space 834560K, 89% used [0x00000006c0000000,0x00000006edb215d0,0x00000006f2f00000)
 Metaspace       used 7021K, capacity 7608K, committed 7936K, reserved 1056768K
  class space    used 647K, capacity 688K, committed 768K, reserved 1048576K
Event: 89.806 GC heap after
Heap after GC invocations=27 (full 6):
 PSYoungGen      total 1015808K, used 154292K [0x000000076ab00000, 0x00000007c0000000, 0x00000007c0000000)
  eden space 633856K, 0% used [0x000000076ab00000,0x000000076ab00000,0x0000000791600000)
  from space 381952K, 40% used [0x0000000791600000,0x000000079acad348,0x00000007a8b00000)
  to   space 381952K, 0% used [0x00000007a8b00000,0x00000007a8b00000,0x00000007c0000000)
 ParOldGen       total 1165824K, used 834498K [0x00000006c0000000, 0x0000000707280000, 0x000000076ab00000)
  object space 1165824K, 71% used [0x00000006c0000000,0x00000006f2ef0bd8,0x0000000707280000)
 Metaspace       used 7021K, capacity 7608K, committed 7936K, reserved 1056768K
  class space    used 647K, capacity 688K, committed 768K, reserved 1048576K
}

