# JRE version: Java(TM) SE Runtime Environment (8.0_101-b13) (build 1.8.0_101-b13)
# Java VM: Java HotSpot(TM) 64-Bit Server VM (25.101-b13 mixed mode windows-amd64 compressed oops)
Heap:
 PSYoungGen      total 1019904K, used 804643K [0x000000076ab00000, 0x00000007c0000000, 0x00000007c0000000)
  eden space 647168K, 66% used [0x000000076ab00000,0x00000007850cd680,0x0000000792300000)
  from space 372736K, 99% used [0x0000000792300000,0x00000007a8efb728,0x00000007a8f00000)
  to   space 377856K, 0% used [0x00000007a8f00000,0x00000007a8f00000,0x00000007c0000000)
 ParOldGen       total 904192K, used 727231K [0x00000006c0000000, 0x00000006f7300000, 0x000000076ab00000)
  object space 904192K, 80% used [0x00000006c0000000,0x00000006ec62fdd0,0x00000006f7300000)
 Metaspace       used 7490K, capacity 7832K, committed 7936K, reserved 1056768K
  class space    used 682K, capacity 720K, committed 768K, reserved 1048576K
GC Heap History (10 events):
Event: 47.692 GC heap before
{Heap before GC invocations=22 (full 5):
 PSYoungGen      total 773120K, used 210919K [0x000000076ab00000, 0x00000007b6800000, 0x00000007c0000000)
  eden space 562176K, 0% used [0x000000076ab00000,0x000000076ab00000,0x000000078d000000)
  from space 210944K, 99% used [0x000000078d000000,0x0000000799df9c00,0x0000000799e00000)
  to   space 305152K, 0% used [0x00000007a3e00000,0x00000007a3e00000,0x00000007b6800000)
 ParOldGen       total 596480K, used 584444K [0x00000006c0000000, 0x00000006e4680000, 0x000000076ab00000)
  object space 596480K, 97% used [0x00000006c0000000,0x00000006e3abf300,0x00000006e4680000)
 Metaspace       used 6687K, capacity 7320K, committed 7680K, reserved 1056768K
  class space    used 629K, capacity 656K, committed 768K, reserved 1048576K
Event: 54.455 GC heap after
Heap after GC invocations=22 (full 5):
 PSYoungGen      total 773120K, used 183266K [0x000000076ab00000, 0x00000007b6800000, 0x00000007c0000000)
  eden space 562176K, 0% used [0x000000076ab00000,0x000000076ab00000,0x000000078d000000)
  from space 210944K, 86% used [0x000000078d000000,0x00000007982f8ae0,0x0000000799e00000)
  to   space 305152K, 0% used [0x00000007a3e00000,0x00000007a3e00000,0x00000007b6800000)
 ParOldGen       total 904192K, used 596301K [0x00000006c0000000, 0x00000006f7300000, 0x000000076ab00000)
  object space 904192K, 65% used [0x00000006c0000000,0x00000006e46536d0,0x00000006f7300000)
 Metaspace       used 6687K, capacity 7320K, committed 7680K, reserved 1056768K
  class space    used 629K, capacity 656K, committed 768K, reserved 1048576K
}
Event: 57.005 GC heap before
{Heap before GC invocations=23 (full 5):
 PSYoungGen      total 773120K, used 745442K [0x000000076ab00000, 0x00000007b6800000, 0x00000007c0000000)
  eden space 562176K, 100% used [0x000000076ab00000,0x000000078d000000,0x000000078d000000)
  from space 210944K, 86% used [0x000000078d000000,0x00000007982f8ae0,0x0000000799e00000)
  to   space 305152K, 0% used [0x00000007a3e00000,0x00000007a3e00000,0x00000007b6800000)
 ParOldGen       total 904192K, used 596301K [0x00000006c0000000, 0x00000006f7300000, 0x000000076ab00000)
  object space 904192K, 65% used [0x00000006c0000000,0x00000006e46536d0,0x00000006f7300000)
 Metaspace       used 6687K, capacity 7320K, committed 7680K, reserved 1056768K
  class space    used 629K, capacity 656K, committed 768K, reserved 1048576K
Event: 57.733 GC heap after
Heap after GC invocations=23 (full 5):
 PSYoungGen      total 925696K, used 164838K [0x000000076ab00000, 0x00000007b6500000, 0x00000007c0000000)
  eden space 623616K, 0% used [0x000000076ab00000,0x000000076ab00000,0x0000000790c00000)
  from space 302080K, 54% used [0x00000007a3e00000,0x00000007adef9928,0x00000007b6500000)
  to   space 307712K, 0% used [0x0000000790c00000,0x0000000790c00000,0x00000007a3880000)
 ParOldGen       total 904192K, used 695610K [0x00000006c0000000, 0x00000006f7300000, 0x000000076ab00000)
  object space 904192K, 76% used [0x00000006c0000000,0x00000006ea74e8b8,0x00000006f7300000)
 Metaspace       used 6687K, capacity 7320K, committed 7680K, reserved 1056768K
  class space    used 629K, capacity 656K, committed 768K, reserved 1048576K
}
Event: 59.607 GC heap before
{Heap before GC invocations=24 (full 5):
 PSYoungGen      total 925696K, used 788454K [0x000000076ab00000, 0x00000007b6500000, 0x00000007c0000000)
  eden space 623616K, 100% used [0x000000076ab00000,0x0000000790c00000,0x0000000790c00000)
  from space 302080K, 54% used [0x00000007a3e00000,0x00000007adef9928,0x00000007b6500000)
  to   space 307712K, 0% used [0x0000000790c00000,0x0000000790c00000,0x00000007a3880000)
 ParOldGen       total 904192K, used 695610K [0x00000006c0000000, 0x00000006f7300000, 0x000000076ab00000)
  object space 904192K, 76% used [0x00000006c0000000,0x00000006ea74e8b8,0x00000006f7300000)
 Metaspace       used 6690K, capacity 7320K, committed 7680K, reserved 1056768K
  class space    used 629K, capacity 656K, committed 768K, reserved 1048576K
Event: 60.052 GC heap after
Heap after GC invocations=24 (full 5):
 PSYoungGen      total 931328K, used 208982K [0x000000076ab00000, 0x00000007bcb80000, 0x00000007c0000000)
  eden space 623616K, 0% used [0x000000076ab00000,0x000000076ab00000,0x0000000790c00000)
  from space 307712K, 67% used [0x0000000790c00000,0x000000079d815b38,0x00000007a3880000)
  to   space 324096K, 0% used [0x00000007a8f00000,0x00000007a8f00000,0x00000007bcb80000)
 ParOldGen       total 904192K, used 695610K [0x00000006c0000000, 0x00000006f7300000, 0x000000076ab00000)
  object space 904192K, 76% used [0x00000006c0000000,0x00000006ea74e8b8,0x00000006f7300000)
 Metaspace       used 6690K, capacity 7320K, committed 7680K, reserved 1056768K
  class space    used 629K, capacity 656K, committed 768K, reserved 1048576K
}
Event: 62.946 GC heap before
{Heap before GC invocations=25 (full 5):
 PSYoungGen      total 931328K, used 832598K [0x000000076ab00000, 0x00000007bcb80000, 0x00000007c0000000)
  eden space 623616K, 100% used [0x000000076ab00000,0x0000000790c00000,0x0000000790c00000)
  from space 307712K, 67% used [0x0000000790c00000,0x000000079d815b38,0x00000007a3880000)
  to   space 324096K, 0% used [0x00000007a8f00000,0x00000007a8f00000,0x00000007bcb80000)
 ParOldGen       total 904192K, used 695610K [0x00000006c0000000, 0x00000006f7300000, 0x000000076ab00000)
  object space 904192K, 76% used [0x00000006c0000000,0x00000006ea74e8b8,0x00000006f7300000)
 Metaspace       used 6796K, capacity 7384K, committed 7680K, reserved 1056768K
  class space    used 635K, capacity 656K, committed 768K, reserved 1048576K
Event: 63.775 GC heap after
Heap after GC invocations=25 (full 5):
 PSYoungGen      total 971264K, used 307369K [0x000000076ab00000, 0x00000007c0000000, 0x00000007c0000000)
  eden space 647168K, 0% used [0x000000076ab00000,0x000000076ab00000,0x0000000792300000)
  from space 324096K, 94% used [0x00000007a8f00000,0x00000007bbb2a428,0x00000007bcb80000)
  to   space 372736K, 0% used [0x0000000792300000,0x0000000792300000,0x00000007a8f00000)
 ParOldGen       total 904192K, used 695610K [0x00000006c0000000, 0x00000006f7300000, 0x000000076ab00000)
  object space 904192K, 76% used [0x00000006c0000000,0x00000006ea74e8b8,0x00000006f7300000)
 Metaspace       used 6796K, capacity 7384K, committed 7680K, reserved 1056768K
  class space    used 635K, capacity 656K, committed 768K, reserved 1048576K
}
Event: 66.286 GC heap before
{Heap before GC invocations=26 (full 5):
 PSYoungGen      total 971264K, used 954537K [0x000000076ab00000, 0x00000007c0000000, 0x00000007c0000000)
  eden space 647168K, 100% used [0x000000076ab00000,0x0000000792300000,0x0000000792300000)
  from space 324096K, 94% used [0x00000007a8f00000,0x00000007bbb2a428,0x00000007bcb80000)
  to   space 372736K, 0% used [0x0000000792300000,0x0000000792300000,0x00000007a8f00000)
 ParOldGen       total 904192K, used 695610K [0x00000006c0000000, 0x00000006f7300000, 0x000000076ab00000)
  object space 904192K, 76% used [0x00000006c0000000,0x00000006ea74e8b8,0x00000006f7300000)
 Metaspace       used 6797K, capacity 7384K, committed 7680K, reserved 1056768K
  class space    used 635K, capacity 656K, committed 768K, reserved 1048576K
Event: 67.263 GC heap after
Heap after GC invocations=26 (full 5):
 PSYoungGen      total 1019904K, used 372717K [0x000000076ab00000, 0x00000007c0000000, 0x00000007c0000000)
  eden space 647168K, 0% used [0x000000076ab00000,0x000000076ab00000,0x0000000792300000)
  from space 372736K, 99% used [0x0000000792300000,0x00000007a8efb728,0x00000007a8f00000)
  to   space 377856K, 0% used [0x00000007a8f00000,0x00000007a8f00000,0x00000007c0000000)
 ParOldGen       total 904192K, used 727231K [0x00000006c0000000, 0x00000006f7300000, 0x000000076ab00000)
  object space 904192K, 80% used [0x00000006c0000000,0x00000006ec62fdd0,0x00000006f7300000)
 Metaspace       used 6797K, capacity 7384K, committed 7680K, reserved 1056768K
  class space    used 635K, capacity 656K, committed 768K, reserved 1048576K
}

