# JRE version: Java(TM) SE Runtime Environment (8.0_101-b13) (build 1.8.0_101-b13)
# Java VM: Java HotSpot(TM) 64-Bit Server VM (25.101-b13 mixed mode windows-amd64 compressed oops)
Heap:
 PSYoungGen      total 1006592K, used 472904K [0x000000076ab00000, 0x00000007c0000000, 0x00000007c0000000)
  eden space 615424K, 13% used [0x000000076ab00000,0x000000076fad2f10,0x0000000790400000)
  from space 391168K, 99% used [0x0000000790400000,0x00000007a81ff228,0x00000007a8200000)
  to   space 391168K, 0% used [0x00000007a8200000,0x00000007a8200000,0x00000007c0000000)
 ParOldGen       total 869888K, used 744588K [0x00000006c0000000, 0x00000006f5180000, 0x000000076ab00000)
  object space 869888K, 85% used [0x00000006c0000000,0x00000006ed723068,0x00000006f5180000)
 Metaspace       used 7083K, capacity 7672K, committed 7936K, reserved 1056768K
  class space    used 650K, capacity 688K, committed 768K, reserved 1048576K
GC Heap History (10 events):
Event: 42.807 GC heap before
{Heap before GC invocations=22 (full 5):
 PSYoungGen      total 857600K, used 210406K [0x000000076ab00000, 0x00000007b9480000, 0x00000007c0000000)
  eden space 647168K, 0% used [0x000000076ab00000,0x000000076ab00000,0x0000000792300000)
  from space 210432K, 99% used [0x0000000792300000,0x000000079f079be8,0x000000079f080000)
  to   space 282112K, 0% used [0x00000007a8100000,0x00000007a8100000,0x00000007b9480000)
 ParOldGen       total 590336K, used 557091K [0x00000006c0000000, 0x00000006e4080000, 0x000000076ab00000)
  object space 590336K, 94% used [0x00000006c0000000,0x00000006e2008e68,0x00000006e4080000)
 Metaspace       used 6689K, capacity 7320K, committed 7680K, reserved 1056768K
  class space    used 629K, capacity 656K, committed 768K, reserved 1048576K
Event: 47.234 GC heap after
Heap after GC invocations=22 (full 5):
 PSYoungGen      total 857600K, used 157675K [0x000000076ab00000, 0x00000007b9480000, 0x00000007c0000000)
  eden space 647168K, 0% used [0x000000076ab00000,0x000000076ab00000,0x0000000792300000)
  from space 210432K, 74% used [0x0000000792300000,0x000000079bcfad20,0x000000079f080000)
  to   space 282112K, 0% used [0x00000007a8100000,0x00000007a8100000,0x00000007b9480000)
 ParOldGen       total 869888K, used 589833K [0x00000006c0000000, 0x00000006f5180000, 0x000000076ab00000)
  object space 869888K, 67% used [0x00000006c0000000,0x00000006e40027d8,0x00000006f5180000)
 Metaspace       used 6689K, capacity 7320K, committed 7680K, reserved 1056768K
  class space    used 629K, capacity 656K, committed 768K, reserved 1048576K
}
Event: 49.853 GC heap before
{Heap before GC invocations=23 (full 5):
 PSYoungGen      total 857600K, used 804843K [0x000000076ab00000, 0x00000007b9480000, 0x00000007c0000000)
  eden space 647168K, 100% used [0x000000076ab00000,0x0000000792300000,0x0000000792300000)
  from space 210432K, 74% used [0x0000000792300000,0x000000079bcfad20,0x000000079f080000)
  to   space 282112K, 0% used [0x00000007a8100000,0x00000007a8100000,0x00000007b9480000)
 ParOldGen       total 869888K, used 589833K [0x00000006c0000000, 0x00000006f5180000, 0x000000076ab00000)
  object space 869888K, 67% used [0x00000006c0000000,0x00000006e40027d8,0x00000006f5180000)
 Metaspace       used 6689K, capacity 7320K, committed 7680K, reserved 1056768K
  class space    used 629K, capacity 656K, committed 768K, reserved 1048576K
Event: 50.692 GC heap after
Heap after GC invocations=23 (full 5):
 PSYoungGen      total 975360K, used 230664K [0x000000076ab00000, 0x00000007bce00000, 0x00000007c0000000)
  eden space 693248K, 0% used [0x000000076ab00000,0x000000076ab00000,0x0000000795000000)
  from space 282112K, 81% used [0x00000007a8100000,0x00000007b6242080,0x00000007b9480000)
  to   space 312320K, 0% used [0x0000000795000000,0x0000000795000000,0x00000007a8100000)
 ParOldGen       total 869888K, used 704105K [0x00000006c0000000, 0x00000006f5180000, 0x000000076ab00000)
  object space 869888K, 80% used [0x00000006c0000000,0x00000006eaf9a630,0x00000006f5180000)
 Metaspace       used 6689K, capacity 7320K, committed 7680K, reserved 1056768K
  class space    used 629K, capacity 656K, committed 768K, reserved 1048576K
}
Event: 53.935 GC heap before
{Heap before GC invocations=24 (full 5):
 PSYoungGen      total 975360K, used 923912K [0x000000076ab00000, 0x00000007bce00000, 0x00000007c0000000)
  eden space 693248K, 100% used [0x000000076ab00000,0x0000000795000000,0x0000000795000000)
  from space 282112K, 81% used [0x00000007a8100000,0x00000007b6242080,0x00000007b9480000)
  to   space 312320K, 0% used [0x0000000795000000,0x0000000795000000,0x00000007a8100000)
 ParOldGen       total 869888K, used 704105K [0x00000006c0000000, 0x00000006f5180000, 0x000000076ab00000)
  object space 869888K, 80% used [0x00000006c0000000,0x00000006eaf9a630,0x00000006f5180000)
 Metaspace       used 6796K, capacity 7384K, committed 7680K, reserved 1056768K
  class space    used 635K, capacity 656K, committed 768K, reserved 1048576K
Event: 54.491 GC heap after
Heap after GC invocations=24 (full 5):
 PSYoungGen      total 1005568K, used 230056K [0x000000076ab00000, 0x00000007c0000000, 0x00000007c0000000)
  eden space 693248K, 0% used [0x000000076ab00000,0x000000076ab00000,0x0000000795000000)
  from space 312320K, 73% used [0x0000000795000000,0x00000007a30aa330,0x00000007a8100000)
  to   space 335872K, 0% used [0x00000007ab800000,0x00000007ab800000,0x00000007c0000000)
 ParOldGen       total 869888K, used 704105K [0x00000006c0000000, 0x00000006f5180000, 0x000000076ab00000)
  object space 869888K, 80% used [0x00000006c0000000,0x00000006eaf9a630,0x00000006f5180000)
 Metaspace       used 6796K, capacity 7384K, committed 7680K, reserved 1056768K
  class space    used 635K, capacity 656K, committed 768K, reserved 1048576K
}
Event: 57.638 GC heap before
{Heap before GC invocations=25 (full 5):
 PSYoungGen      total 1005568K, used 923304K [0x000000076ab00000, 0x00000007c0000000, 0x00000007c0000000)
  eden space 693248K, 100% used [0x000000076ab00000,0x0000000795000000,0x0000000795000000)
  from space 312320K, 73% used [0x0000000795000000,0x00000007a30aa330,0x00000007a8100000)
  to   space 335872K, 0% used [0x00000007ab800000,0x00000007ab800000,0x00000007c0000000)
 ParOldGen       total 869888K, used 704105K [0x00000006c0000000, 0x00000006f5180000, 0x000000076ab00000)
  object space 869888K, 80% used [0x00000006c0000000,0x00000006eaf9a630,0x00000006f5180000)
 Metaspace       used 6801K, capacity 7384K, committed 7680K, reserved 1056768K
  class space    used 635K, capacity 656K, committed 768K, reserved 1048576K
Event: 58.547 GC heap after
Heap after GC invocations=25 (full 5):
 PSYoungGen      total 951296K, used 330393K [0x000000076ab00000, 0x00000007c0000000, 0x00000007c0000000)
  eden space 615424K, 0% used [0x000000076ab00000,0x000000076ab00000,0x0000000790400000)
  from space 335872K, 98% used [0x00000007ab800000,0x00000007bfaa6440,0x00000007c0000000)
  to   space 391168K, 0% used [0x0000000790400000,0x0000000790400000,0x00000007a8200000)
 ParOldGen       total 869888K, used 704105K [0x00000006c0000000, 0x00000006f5180000, 0x000000076ab00000)
  object space 869888K, 80% used [0x00000006c0000000,0x00000006eaf9a630,0x00000006f5180000)
 Metaspace       used 6801K, capacity 7384K, committed 7680K, reserved 1056768K
  class space    used 635K, capacity 656K, committed 768K, reserved 1048576K
}
Event: 64.127 GC heap before
{Heap before GC invocations=26 (full 5):
 PSYoungGen      total 951296K, used 945817K [0x000000076ab00000, 0x00000007c0000000, 0x00000007c0000000)
  eden space 615424K, 100% used [0x000000076ab00000,0x0000000790400000,0x0000000790400000)
  from space 335872K, 98% used [0x00000007ab800000,0x00000007bfaa6440,0x00000007c0000000)
  to   space 391168K, 0% used [0x0000000790400000,0x0000000790400000,0x00000007a8200000)
 ParOldGen       total 869888K, used 704105K [0x00000006c0000000, 0x00000006f5180000, 0x000000076ab00000)
  object space 869888K, 80% used [0x00000006c0000000,0x00000006eaf9a630,0x00000006f5180000)
 Metaspace       used 7053K, capacity 7608K, committed 7936K, reserved 1056768K
  class space    used 648K, capacity 688K, committed 768K, reserved 1048576K
Event: 65.140 GC heap after
Heap after GC invocations=26 (full 5):
 PSYoungGen      total 1006592K, used 391164K [0x000000076ab00000, 0x00000007c0000000, 0x00000007c0000000)
  eden space 615424K, 0% used [0x000000076ab00000,0x000000076ab00000,0x0000000790400000)
  from space 391168K, 99% used [0x0000000790400000,0x00000007a81ff228,0x00000007a8200000)
  to   space 391168K, 0% used [0x00000007a8200000,0x00000007a8200000,0x00000007c0000000)
 ParOldGen       total 869888K, used 744588K [0x00000006c0000000, 0x00000006f5180000, 0x000000076ab00000)
  object space 869888K, 85% used [0x00000006c0000000,0x00000006ed723068,0x00000006f5180000)
 Metaspace       used 7053K, capacity 7608K, committed 7936K, reserved 1056768K
  class space    used 648K, capacity 688K, committed 768K, reserved 1048576K
}

