# JRE version: Java(TM) SE Runtime Environment (8.0_101-b13) (build 1.8.0_101-b13)
# Java VM: Java HotSpot(TM) 64-Bit Server VM (25.101-b13 mixed mode windows-amd64 compressed oops)
Heap:
 PSYoungGen      total 871936K, used 610306K [0x000000076ab00000, 0x00000007c0000000, 0x00000007c0000000)
  eden space 465920K, 43% used [0x000000076ab00000,0x0000000777286198,0x0000000787200000)
  from space 406016K, 99% used [0x00000007a7380000,0x00000007bfffaa28,0x00000007c0000000)
  to   space 465920K, 0% used [0x0000000787200000,0x0000000787200000,0x00000007a3900000)
 ParOldGen       total 930304K, used 668003K [0x00000006c0000000, 0x00000006f8c80000, 0x000000076ab00000)
  object space 930304K, 71% used [0x00000006c0000000,0x00000006e8c58f60,0x00000006f8c80000)
 Metaspace       used 7163K, capacity 7736K, committed 7936K, reserved 1056768K
  class space    used 652K, capacity 688K, committed 768K, reserved 1048576K
GC Heap History (10 events):
Event: 49.969 GC heap before
{Heap before GC invocations=23 (full 5):
 PSYoungGen      total 721920K, used 630977K [0x000000076ab00000, 0x00000007ad800000, 0x00000007c0000000)
  eden space 535552K, 100% used [0x000000076ab00000,0x000000078b600000,0x000000078b600000)
  from space 186368K, 51% used [0x000000078b600000,0x0000000791330798,0x0000000796c00000)
  to   space 252416K, 0% used [0x000000079e180000,0x000000079e180000,0x00000007ad800000)
 ParOldGen       total 930304K, used 619328K [0x00000006c0000000, 0x00000006f8c80000, 0x000000076ab00000)
  object space 930304K, 66% used [0x00000006c0000000,0x00000006e5cd00c0,0x00000006f8c80000)
 Metaspace       used 6680K, capacity 7320K, committed 7680K, reserved 1056768K
  class space    used 629K, capacity 656K, committed 768K, reserved 1048576K
Event: 50.594 GC heap after
Heap after GC invocations=23 (full 5):
 PSYoungGen      total 806400K, used 229725K [0x000000076ab00000, 0x00000007b1b00000, 0x00000007c0000000)
  eden space 553984K, 0% used [0x000000076ab00000,0x000000076ab00000,0x000000078c800000)
  from space 252416K, 91% used [0x000000079e180000,0x00000007ac1d76a0,0x00000007ad800000)
  to   space 288256K, 0% used [0x000000078c800000,0x000000078c800000,0x000000079e180000)
 ParOldGen       total 930304K, used 653472K [0x00000006c0000000, 0x00000006f8c80000, 0x000000076ab00000)
  object space 930304K, 70% used [0x00000006c0000000,0x00000006e7e281b8,0x00000006f8c80000)
 Metaspace       used 6680K, capacity 7320K, committed 7680K, reserved 1056768K
  class space    used 629K, capacity 656K, committed 768K, reserved 1048576K
}
Event: 52.289 GC heap before
{Heap before GC invocations=24 (full 5):
 PSYoungGen      total 806400K, used 783709K [0x000000076ab00000, 0x00000007b1b00000, 0x00000007c0000000)
  eden space 553984K, 100% used [0x000000076ab00000,0x000000078c800000,0x000000078c800000)
  from space 252416K, 91% used [0x000000079e180000,0x00000007ac1d76a0,0x00000007ad800000)
  to   space 288256K, 0% used [0x000000078c800000,0x000000078c800000,0x000000079e180000)
 ParOldGen       total 930304K, used 653472K [0x00000006c0000000, 0x00000006f8c80000, 0x000000076ab00000)
  object space 930304K, 70% used [0x00000006c0000000,0x00000006e7e281b8,0x00000006f8c80000)
 Metaspace       used 6681K, capacity 7320K, committed 7680K, reserved 1056768K
  class space    used 629K, capacity 656K, committed 768K, reserved 1048576K
Event: 52.661 GC heap after
Heap after GC invocations=24 (full 5):
 PSYoungGen      total 842240K, used 270105K [0x000000076ab00000, 0x00000007b8700000, 0x00000007c0000000)
  eden space 553984K, 0% used [0x000000076ab00000,0x000000076ab00000,0x000000078c800000)
  from space 288256K, 93% used [0x000000078c800000,0x000000079cfc6428,0x000000079e180000)
  to   space 331264K, 0% used [0x00000007a4380000,0x00000007a4380000,0x00000007b8700000)
 ParOldGen       total 930304K, used 653472K [0x00000006c0000000, 0x00000006f8c80000, 0x000000076ab00000)
  object space 930304K, 70% used [0x00000006c0000000,0x00000006e7e281b8,0x00000006f8c80000)
 Metaspace       used 6681K, capacity 7320K, committed 7680K, reserved 1056768K
  class space    used 629K, capacity 656K, committed 768K, reserved 1048576K
}
Event: 54.991 GC heap before
{Heap before GC invocations=25 (full 5):
 PSYoungGen      total 842240K, used 824089K [0x000000076ab00000, 0x00000007b8700000, 0x00000007c0000000)
  eden space 553984K, 100% used [0x000000076ab00000,0x000000078c800000,0x000000078c800000)
  from space 288256K, 93% used [0x000000078c800000,0x000000079cfc6428,0x000000079e180000)
  to   space 331264K, 0% used [0x00000007a4380000,0x00000007a4380000,0x00000007b8700000)
 ParOldGen       total 930304K, used 653472K [0x00000006c0000000, 0x00000006f8c80000, 0x000000076ab00000)
  object space 930304K, 70% used [0x00000006c0000000,0x00000006e7e281b8,0x00000006f8c80000)
 Metaspace       used 6682K, capacity 7320K, committed 7680K, reserved 1056768K
  class space    used 629K, capacity 656K, committed 768K, reserved 1048576K
Event: 55.519 GC heap after
Heap after GC invocations=25 (full 5):
 PSYoungGen      total 918528K, used 242841K [0x000000076ab00000, 0x00000007bba00000, 0x00000007c0000000)
  eden space 587264K, 0% used [0x000000076ab00000,0x000000076ab00000,0x000000078e880000)
  from space 331264K, 73% used [0x00000007a4380000,0x00000007b30a6658,0x00000007b8700000)
  to   space 355328K, 0% used [0x000000078e880000,0x000000078e880000,0x00000007a4380000)
 ParOldGen       total 930304K, used 653472K [0x00000006c0000000, 0x00000006f8c80000, 0x000000076ab00000)
  object space 930304K, 70% used [0x00000006c0000000,0x00000006e7e281b8,0x00000006f8c80000)
 Metaspace       used 6682K, capacity 7320K, committed 7680K, reserved 1056768K
  class space    used 629K, capacity 656K, committed 768K, reserved 1048576K
}
Event: 58.166 GC heap before
{Heap before GC invocations=26 (full 5):
 PSYoungGen      total 918528K, used 830105K [0x000000076ab00000, 0x00000007bba00000, 0x00000007c0000000)
  eden space 587264K, 100% used [0x000000076ab00000,0x000000078e880000,0x000000078e880000)
  from space 331264K, 73% used [0x00000007a4380000,0x00000007b30a6658,0x00000007b8700000)
  to   space 355328K, 0% used [0x000000078e880000,0x000000078e880000,0x00000007a4380000)
 ParOldGen       total 930304K, used 653472K [0x00000006c0000000, 0x00000006f8c80000, 0x000000076ab00000)
  object space 930304K, 70% used [0x00000006c0000000,0x00000006e7e281b8,0x00000006f8c80000)
 Metaspace       used 6789K, capacity 7384K, committed 7680K, reserved 1056768K
  class space    used 635K, capacity 656K, committed 768K, reserved 1048576K
Event: 58.873 GC heap after
Heap after GC invocations=26 (full 5):
 PSYoungGen      total 942592K, used 330715K [0x000000076ab00000, 0x00000007c0000000, 0x00000007c0000000)
  eden space 587264K, 0% used [0x000000076ab00000,0x000000076ab00000,0x000000078e880000)
  from space 355328K, 93% used [0x000000078e880000,0x00000007a2b76ec0,0x00000007a4380000)
  to   space 406016K, 0% used [0x00000007a7380000,0x00000007a7380000,0x00000007c0000000)
 ParOldGen       total 930304K, used 653472K [0x00000006c0000000, 0x00000006f8c80000, 0x000000076ab00000)
  object space 930304K, 70% used [0x00000006c0000000,0x00000006e7e281b8,0x00000006f8c80000)
 Metaspace       used 6789K, capacity 7384K, committed 7680K, reserved 1056768K
  class space    used 635K, capacity 656K, committed 768K, reserved 1048576K
}
Event: 61.115 GC heap before
{Heap before GC invocations=27 (full 5):
 PSYoungGen      total 942592K, used 917979K [0x000000076ab00000, 0x00000007c0000000, 0x00000007c0000000)
  eden space 587264K, 100% used [0x000000076ab00000,0x000000078e880000,0x000000078e880000)
  from space 355328K, 93% used [0x000000078e880000,0x00000007a2b76ec0,0x00000007a4380000)
  to   space 406016K, 0% used [0x00000007a7380000,0x00000007a7380000,0x00000007c0000000)
 ParOldGen       total 930304K, used 653472K [0x00000006c0000000, 0x00000006f8c80000, 0x000000076ab00000)
  object space 930304K, 70% used [0x00000006c0000000,0x00000006e7e281b8,0x00000006f8c80000)
 Metaspace       used 6809K, capacity 7384K, committed 7680K, reserved 1056768K
  class space    used 636K, capacity 656K, committed 768K, reserved 1048576K
Event: 62.313 GC heap after
Heap after GC invocations=27 (full 5):
 PSYoungGen      total 871936K, used 405994K [0x000000076ab00000, 0x00000007c0000000, 0x00000007c0000000)
  eden space 465920K, 0% used [0x000000076ab00000,0x000000076ab00000,0x0000000787200000)
  from space 406016K, 99% used [0x00000007a7380000,0x00000007bfffaa28,0x00000007c0000000)
  to   space 465920K, 0% used [0x0000000787200000,0x0000000787200000,0x00000007a3900000)
 ParOldGen       total 930304K, used 668003K [0x00000006c0000000, 0x00000006f8c80000, 0x000000076ab00000)
  object space 930304K, 71% used [0x00000006c0000000,0x00000006e8c58f60,0x00000006f8c80000)
 Metaspace       used 6809K, capacity 7384K, committed 7680K, reserved 1056768K
  class space    used 636K, capacity 656K, committed 768K, reserved 1048576K
}

