# JRE version: Java(TM) SE Runtime Environment (8.0_101-b13) (build 1.8.0_101-b13)
# Java VM: Java HotSpot(TM) 64-Bit Server VM (25.101-b13 mixed mode windows-amd64 compressed oops)
Heap:
 PSYoungGen      total 1032192K, used 669224K [0x000000076ab00000, 0x00000007c0000000, 0x00000007c0000000)
  eden space 666624K, 45% used [0x000000076ab00000,0x000000077d38da60,0x0000000793600000)
  from space 365568K, 99% used [0x0000000793600000,0x00000007a9afc770,0x00000007a9b00000)
  to   space 365568K, 0% used [0x00000007a9b00000,0x00000007a9b00000,0x00000007c0000000)
 ParOldGen       total 925696K, used 756421K [0x00000006c0000000, 0x00000006f8800000, 0x000000076ab00000)
  object space 925696K, 81% used [0x00000006c0000000,0x00000006ee2b1548,0x00000006f8800000)
 Metaspace       used 7481K, capacity 7832K, committed 7936K, reserved 1056768K
  class space    used 681K, capacity 720K, committed 768K, reserved 1048576K
GC Heap History (10 events):
Event: 44.015 GC heap before
{Heap before GC invocations=22 (full 5):
 PSYoungGen      total 795136K, used 214001K [0x000000076ab00000, 0x00000007b9600000, 0x00000007c0000000)
  eden space 581120K, 0% used [0x000000076ab00000,0x000000076ab00000,0x000000078e280000)
  from space 214016K, 99% used [0x000000078e280000,0x000000079b37c558,0x000000079b380000)
  to   space 317952K, 0% used [0x00000007a5f80000,0x00000007a5f80000,0x00000007b9600000)
 ParOldGen       total 612352K, used 612302K [0x00000006c0000000, 0x00000006e5600000, 0x000000076ab00000)
  object space 612352K, 99% used [0x00000006c0000000,0x00000006e55f3940,0x00000006e5600000)
 Metaspace       used 6683K, capacity 7320K, committed 7680K, reserved 1056768K
  class space    used 628K, capacity 656K, committed 768K, reserved 1048576K
Event: 48.826 GC heap after
Heap after GC invocations=22 (full 5):
 PSYoungGen      total 795136K, used 204744K [0x000000076ab00000, 0x00000007b9600000, 0x00000007c0000000)
  eden space 581120K, 0% used [0x000000076ab00000,0x000000076ab00000,0x000000078e280000)
  from space 214016K, 95% used [0x000000078e280000,0x000000079aa72018,0x000000079b380000)
  to   space 317952K, 0% used [0x00000007a5f80000,0x00000007a5f80000,0x00000007b9600000)
 ParOldGen       total 925696K, used 612299K [0x00000006c0000000, 0x00000006f8800000, 0x000000076ab00000)
  object space 925696K, 66% used [0x00000006c0000000,0x00000006e55f2f38,0x00000006f8800000)
 Metaspace       used 6683K, capacity 7320K, committed 7680K, reserved 1056768K
  class space    used 628K, capacity 656K, committed 768K, reserved 1048576K
}
Event: 51.290 GC heap before
{Heap before GC invocations=23 (full 5):
 PSYoungGen      total 795136K, used 785864K [0x000000076ab00000, 0x00000007b9600000, 0x00000007c0000000)
  eden space 581120K, 100% used [0x000000076ab00000,0x000000078e280000,0x000000078e280000)
  from space 214016K, 95% used [0x000000078e280000,0x000000079aa72018,0x000000079b380000)
  to   space 317952K, 0% used [0x00000007a5f80000,0x00000007a5f80000,0x00000007b9600000)
 ParOldGen       total 925696K, used 612299K [0x00000006c0000000, 0x00000006f8800000, 0x000000076ab00000)
  object space 925696K, 66% used [0x00000006c0000000,0x00000006e55f2f38,0x00000006f8800000)
 Metaspace       used 6683K, capacity 7320K, committed 7680K, reserved 1056768K
  class space    used 628K, capacity 656K, committed 768K, reserved 1048576K
Event: 52.164 GC heap after
Heap after GC invocations=23 (full 5):
 PSYoungGen      total 966144K, used 179028K [0x000000076ab00000, 0x00000007b9d00000, 0x00000007c0000000)
  eden space 648192K, 0% used [0x000000076ab00000,0x000000076ab00000,0x0000000792400000)
  from space 317952K, 56% used [0x00000007a5f80000,0x00000007b0e55198,0x00000007b9600000)
  to   space 323072K, 0% used [0x0000000792400000,0x0000000792400000,0x00000007a5f80000)
 ParOldGen       total 925696K, used 739562K [0x00000006c0000000, 0x00000006f8800000, 0x000000076ab00000)
  object space 925696K, 79% used [0x00000006c0000000,0x00000006ed23a970,0x00000006f8800000)
 Metaspace       used 6683K, capacity 7320K, committed 7680K, reserved 1056768K
  class space    used 628K, capacity 656K, committed 768K, reserved 1048576K
}
Event: 55.085 GC heap before
{Heap before GC invocations=24 (full 5):
 PSYoungGen      total 966144K, used 827220K [0x000000076ab00000, 0x00000007b9d00000, 0x00000007c0000000)
  eden space 648192K, 100% used [0x000000076ab00000,0x0000000792400000,0x0000000792400000)
  from space 317952K, 56% used [0x00000007a5f80000,0x00000007b0e55198,0x00000007b9600000)
  to   space 323072K, 0% used [0x0000000792400000,0x0000000792400000,0x00000007a5f80000)
 ParOldGen       total 925696K, used 739562K [0x00000006c0000000, 0x00000006f8800000, 0x000000076ab00000)
  object space 925696K, 79% used [0x00000006c0000000,0x00000006ed23a970,0x00000006f8800000)
 Metaspace       used 6685K, capacity 7320K, committed 7680K, reserved 1056768K
  class space    used 629K, capacity 656K, committed 768K, reserved 1048576K
Event: 55.601 GC heap after
Heap after GC invocations=24 (full 5):
 PSYoungGen      total 971264K, used 182966K [0x000000076ab00000, 0x00000007bef80000, 0x00000007c0000000)
  eden space 648192K, 0% used [0x000000076ab00000,0x000000076ab00000,0x0000000792400000)
  from space 323072K, 56% used [0x0000000792400000,0x000000079d6ad960,0x00000007a5f80000)
  to   space 327168K, 0% used [0x00000007ab000000,0x00000007ab000000,0x00000007bef80000)
 ParOldGen       total 925696K, used 739562K [0x00000006c0000000, 0x00000006f8800000, 0x000000076ab00000)
  object space 925696K, 79% used [0x00000006c0000000,0x00000006ed23a970,0x00000006f8800000)
 Metaspace       used 6685K, capacity 7320K, committed 7680K, reserved 1056768K
  class space    used 629K, capacity 656K, committed 768K, reserved 1048576K
}
Event: 59.158 GC heap before
{Heap before GC invocations=25 (full 5):
 PSYoungGen      total 971264K, used 831158K [0x000000076ab00000, 0x00000007bef80000, 0x00000007c0000000)
  eden space 648192K, 100% used [0x000000076ab00000,0x0000000792400000,0x0000000792400000)
  from space 323072K, 56% used [0x0000000792400000,0x000000079d6ad960,0x00000007a5f80000)
  to   space 327168K, 0% used [0x00000007ab000000,0x00000007ab000000,0x00000007bef80000)
 ParOldGen       total 925696K, used 739562K [0x00000006c0000000, 0x00000006f8800000, 0x000000076ab00000)
  object space 925696K, 79% used [0x00000006c0000000,0x00000006ed23a970,0x00000006f8800000)
 Metaspace       used 6791K, capacity 7384K, committed 7680K, reserved 1056768K
  class space    used 635K, capacity 656K, committed 768K, reserved 1048576K
Event: 60.537 GC heap after
Heap after GC invocations=25 (full 5):
 PSYoungGen      total 993792K, used 281610K [0x000000076ab00000, 0x00000007c0000000, 0x00000007c0000000)
  eden space 666624K, 0% used [0x000000076ab00000,0x000000076ab00000,0x0000000793600000)
  from space 327168K, 86% used [0x00000007ab000000,0x00000007bc302900,0x00000007bef80000)
  to   space 365568K, 0% used [0x0000000793600000,0x0000000793600000,0x00000007a9b00000)
 ParOldGen       total 925696K, used 739562K [0x00000006c0000000, 0x00000006f8800000, 0x000000076ab00000)
  object space 925696K, 79% used [0x00000006c0000000,0x00000006ed23a970,0x00000006f8800000)
 Metaspace       used 6791K, capacity 7384K, committed 7680K, reserved 1056768K
  class space    used 635K, capacity 656K, committed 768K, reserved 1048576K
}
Event: 63.541 GC heap before
{Heap before GC invocations=26 (full 5):
 PSYoungGen      total 993792K, used 948234K [0x000000076ab00000, 0x00000007c0000000, 0x00000007c0000000)
  eden space 666624K, 100% used [0x000000076ab00000,0x0000000793600000,0x0000000793600000)
  from space 327168K, 86% used [0x00000007ab000000,0x00000007bc302900,0x00000007bef80000)
  to   space 365568K, 0% used [0x0000000793600000,0x0000000793600000,0x00000007a9b00000)
 ParOldGen       total 925696K, used 739562K [0x00000006c0000000, 0x00000006f8800000, 0x000000076ab00000)
  object space 925696K, 79% used [0x00000006c0000000,0x00000006ed23a970,0x00000006f8800000)
 Metaspace       used 6812K, capacity 7384K, committed 7680K, reserved 1056768K
  class space    used 635K, capacity 656K, committed 768K, reserved 1048576K
Event: 65.034 GC heap after
Heap after GC invocations=26 (full 5):
 PSYoungGen      total 1032192K, used 365553K [0x000000076ab00000, 0x00000007c0000000, 0x00000007c0000000)
  eden space 666624K, 0% used [0x000000076ab00000,0x000000076ab00000,0x0000000793600000)
  from space 365568K, 99% used [0x0000000793600000,0x00000007a9afc770,0x00000007a9b00000)
  to   space 365568K, 0% used [0x00000007a9b00000,0x00000007a9b00000,0x00000007c0000000)
 ParOldGen       total 925696K, used 756421K [0x00000006c0000000, 0x00000006f8800000, 0x000000076ab00000)
  object space 925696K, 81% used [0x00000006c0000000,0x00000006ee2b1548,0x00000006f8800000)
 Metaspace       used 6812K, capacity 7384K, committed 7680K, reserved 1056768K
  class space    used 635K, capacity 656K, committed 768K, reserved 1048576K
}

