# JRE version: Java(TM) SE Runtime Environment (8.0_101-b13) (build 1.8.0_101-b13)
# Java VM: Java HotSpot(TM) 64-Bit Server VM (25.101-b13 mixed mode windows-amd64 compressed oops)
Heap:
 PSYoungGen      total 986624K, used 500149K [0x000000076ab00000, 0x00000007c0000000, 0x00000007c0000000)
  eden space 686592K, 29% used [0x000000076ab00000,0x0000000776e71f60,0x0000000794980000)
  from space 300032K, 99% used [0x0000000794980000,0x00000007a6e7b678,0x00000007a6e80000)
  to   space 370688K, 0% used [0x00000007a9600000,0x00000007a9600000,0x00000007c0000000)
 ParOldGen       total 894464K, used 656913K [0x00000006c0000000, 0x00000006f6980000, 0x000000076ab00000)
  object space 894464K, 73% used [0x00000006c0000000,0x00000006e81845e0,0x00000006f6980000)
 Metaspace       used 7468K, capacity 7832K, committed 7936K, reserved 1056768K
  class space    used 681K, capacity 720K, committed 768K, reserved 1048576K
GC Heap History (10 events):
Event: 48.493 GC heap before
{Heap before GC invocations=22 (full 4):
 PSYoungGen      total 783872K, used 783849K [0x000000076ab00000, 0x00000007b1e00000, 0x00000007c0000000)
  eden space 575488K, 100% used [0x000000076ab00000,0x000000078dd00000,0x000000078dd00000)
  from space 208384K, 99% used [0x000000078dd00000,0x000000079a87a730,0x000000079a880000)
  to   space 261632K, 0% used [0x00000007a1e80000,0x00000007a1e80000,0x00000007b1e00000)
 ParOldGen       total 600064K, used 476501K [0x00000006c0000000, 0x00000006e4a00000, 0x000000076ab00000)
  object space 600064K, 79% used [0x00000006c0000000,0x00000006dd1554f8,0x00000006e4a00000)
 Metaspace       used 6689K, capacity 7320K, committed 7680K, reserved 1056768K
  class space    used 629K, capacity 656K, committed 768K, reserved 1048576K
Event: 49.170 GC heap after
Heap after GC invocations=22 (full 4):
 PSYoungGen      total 906240K, used 121734K [0x000000076ab00000, 0x00000007b1980000, 0x00000007c0000000)
  eden space 649216K, 0% used [0x000000076ab00000,0x000000076ab00000,0x0000000792500000)
  from space 257024K, 47% used [0x00000007a1e80000,0x00000007a9561bc0,0x00000007b1980000)
  to   space 255488K, 0% used [0x0000000792500000,0x0000000792500000,0x00000007a1e80000)
 ParOldGen       total 600064K, used 594710K [0x00000006c0000000, 0x00000006e4a00000, 0x000000076ab00000)
  object space 600064K, 99% used [0x00000006c0000000,0x00000006e44c5b80,0x00000006e4a00000)
 Metaspace       used 6689K, capacity 7320K, committed 7680K, reserved 1056768K
  class space    used 629K, capacity 656K, committed 768K, reserved 1048576K
}
Event: 49.170 GC heap before
{Heap before GC invocations=23 (full 5):
 PSYoungGen      total 906240K, used 121734K [0x000000076ab00000, 0x00000007b1980000, 0x00000007c0000000)
  eden space 649216K, 0% used [0x000000076ab00000,0x000000076ab00000,0x0000000792500000)
  from space 257024K, 47% used [0x00000007a1e80000,0x00000007a9561bc0,0x00000007b1980000)
  to   space 255488K, 0% used [0x0000000792500000,0x0000000792500000,0x00000007a1e80000)
 ParOldGen       total 600064K, used 594710K [0x00000006c0000000, 0x00000006e4a00000, 0x000000076ab00000)
  object space 600064K, 99% used [0x00000006c0000000,0x00000006e44c5b80,0x00000006e4a00000)
 Metaspace       used 6689K, capacity 7320K, committed 7680K, reserved 1056768K
  class space    used 629K, capacity 656K, committed 768K, reserved 1048576K
Event: 55.171 GC heap after
Heap after GC invocations=23 (full 5):
 PSYoungGen      total 906240K, used 110142K [0x000000076ab00000, 0x00000007b1980000, 0x00000007c0000000)
  eden space 649216K, 0% used [0x000000076ab00000,0x000000076ab00000,0x0000000792500000)
  from space 257024K, 42% used [0x00000007a1e80000,0x00000007a8a0f9b8,0x00000007b1980000)
  to   space 255488K, 0% used [0x0000000792500000,0x0000000792500000,0x00000007a1e80000)
 ParOldGen       total 894464K, used 600012K [0x00000006c0000000, 0x00000006f6980000, 0x000000076ab00000)
  object space 894464K, 67% used [0x00000006c0000000,0x00000006e49f3240,0x00000006f6980000)
 Metaspace       used 6689K, capacity 7320K, committed 7680K, reserved 1056768K
  class space    used 629K, capacity 656K, committed 768K, reserved 1048576K
}
Event: 57.780 GC heap before
{Heap before GC invocations=24 (full 5):
 PSYoungGen      total 906240K, used 759358K [0x000000076ab00000, 0x00000007b1980000, 0x00000007c0000000)
  eden space 649216K, 100% used [0x000000076ab00000,0x0000000792500000,0x0000000792500000)
  from space 257024K, 42% used [0x00000007a1e80000,0x00000007a8a0f9b8,0x00000007b1980000)
  to   space 255488K, 0% used [0x0000000792500000,0x0000000792500000,0x00000007a1e80000)
 ParOldGen       total 894464K, used 600012K [0x00000006c0000000, 0x00000006f6980000, 0x000000076ab00000)
  object space 894464K, 67% used [0x00000006c0000000,0x00000006e49f3240,0x00000006f6980000)
 Metaspace       used 6690K, capacity 7320K, committed 7680K, reserved 1056768K
  class space    used 629K, capacity 656K, committed 768K, reserved 1048576K
Event: 58.398 GC heap after
Heap after GC invocations=24 (full 5):
 PSYoungGen      total 904704K, used 151181K [0x000000076ab00000, 0x00000007b6c80000, 0x00000007c0000000)
  eden space 649216K, 0% used [0x000000076ab00000,0x000000076ab00000,0x0000000792500000)
  from space 255488K, 59% used [0x0000000792500000,0x000000079b8a3650,0x00000007a1e80000)
  to   space 260096K, 0% used [0x00000007a6e80000,0x00000007a6e80000,0x00000007b6c80000)
 ParOldGen       total 894464K, used 600012K [0x00000006c0000000, 0x00000006f6980000, 0x000000076ab00000)
  object space 894464K, 67% used [0x00000006c0000000,0x00000006e49f3240,0x00000006f6980000)
 Metaspace       used 6690K, capacity 7320K, committed 7680K, reserved 1056768K
  class space    used 629K, capacity 656K, committed 768K, reserved 1048576K
}
Event: 61.675 GC heap before
{Heap before GC invocations=25 (full 5):
 PSYoungGen      total 904704K, used 800397K [0x000000076ab00000, 0x00000007b6c80000, 0x00000007c0000000)
  eden space 649216K, 100% used [0x000000076ab00000,0x0000000792500000,0x0000000792500000)
  from space 255488K, 59% used [0x0000000792500000,0x000000079b8a3650,0x00000007a1e80000)
  to   space 260096K, 0% used [0x00000007a6e80000,0x00000007a6e80000,0x00000007b6c80000)
 ParOldGen       total 894464K, used 600012K [0x00000006c0000000, 0x00000006f6980000, 0x000000076ab00000)
  object space 894464K, 67% used [0x00000006c0000000,0x00000006e49f3240,0x00000006f6980000)
 Metaspace       used 6796K, capacity 7384K, committed 7680K, reserved 1056768K
  class space    used 635K, capacity 656K, committed 768K, reserved 1048576K
Event: 62.426 GC heap after
Heap after GC invocations=25 (full 5):
 PSYoungGen      total 946688K, used 252384K [0x000000076ab00000, 0x00000007bbf80000, 0x00000007c0000000)
  eden space 686592K, 0% used [0x000000076ab00000,0x000000076ab00000,0x0000000794980000)
  from space 260096K, 97% used [0x00000007a6e80000,0x00000007b64f8110,0x00000007b6c80000)
  to   space 300032K, 0% used [0x0000000794980000,0x0000000794980000,0x00000007a6e80000)
 ParOldGen       total 894464K, used 600012K [0x00000006c0000000, 0x00000006f6980000, 0x000000076ab00000)
  object space 894464K, 67% used [0x00000006c0000000,0x00000006e49f3240,0x00000006f6980000)
 Metaspace       used 6796K, capacity 7384K, committed 7680K, reserved 1056768K
  class space    used 635K, capacity 656K, committed 768K, reserved 1048576K
}
Event: 66.072 GC heap before
{Heap before GC invocations=26 (full 5):
 PSYoungGen      total 946688K, used 938976K [0x000000076ab00000, 0x00000007bbf80000, 0x00000007c0000000)
  eden space 686592K, 100% used [0x000000076ab00000,0x0000000794980000,0x0000000794980000)
  from space 260096K, 97% used [0x00000007a6e80000,0x00000007b64f8110,0x00000007b6c80000)
  to   space 300032K, 0% used [0x0000000794980000,0x0000000794980000,0x00000007a6e80000)
 ParOldGen       total 894464K, used 600012K [0x00000006c0000000, 0x00000006f6980000, 0x000000076ab00000)
  object space 894464K, 67% used [0x00000006c0000000,0x00000006e49f3240,0x00000006f6980000)
 Metaspace       used 6816K, capacity 7384K, committed 7680K, reserved 1056768K
  class space    used 636K, capacity 656K, committed 768K, reserved 1048576K
Event: 67.016 GC heap after
Heap after GC invocations=26 (full 5):
 PSYoungGen      total 986624K, used 300013K [0x000000076ab00000, 0x00000007c0000000, 0x00000007c0000000)
  eden space 686592K, 0% used [0x000000076ab00000,0x000000076ab00000,0x0000000794980000)
  from space 300032K, 99% used [0x0000000794980000,0x00000007a6e7b678,0x00000007a6e80000)
  to   space 370688K, 0% used [0x00000007a9600000,0x00000007a9600000,0x00000007c0000000)
 ParOldGen       total 894464K, used 656913K [0x00000006c0000000, 0x00000006f6980000, 0x000000076ab00000)
  object space 894464K, 73% used [0x00000006c0000000,0x00000006e81845e0,0x00000006f6980000)
 Metaspace       used 6816K, capacity 7384K, committed 7680K, reserved 1056768K
  class space    used 636K, capacity 656K, committed 768K, reserved 1048576K
}

