# JRE version: Java(TM) SE Runtime Environment (8.0_101-b13) (build 1.8.0_101-b13)
# Java VM: Java HotSpot(TM) 64-Bit Server VM (25.101-b13 mixed mode windows-amd64 compressed oops)
Heap:
 PSYoungGen      total 102400K, used 39310K [0x000000076ab00000, 0x0000000771300000, 0x00000007c0000000)
  eden space 98304K, 36% used [0x000000076ab00000,0x000000076ce19cc8,0x0000000770b00000)
  from space 4096K, 82% used [0x0000000770f00000,0x0000000771249bb8,0x0000000771300000)
  to   space 4096K, 0% used [0x0000000770b00000,0x0000000770b00000,0x0000000770f00000)
 ParOldGen       total 65536K, used 8K [0x00000006c0000000, 0x00000006c4000000, 0x000000076ab00000)
  object space 65536K, 0% used [0x00000006c0000000,0x00000006c0002000,0x00000006c4000000)
 Metaspace       used 6100K, capacity 6960K, committed 7040K, reserved 1056768K
  class space    used 603K, capacity 616K, committed 640K, reserved 1048576K
GC Heap History (8 events):
Event: 0.221 GC heap before
{Heap before GC invocations=1 (full 0):
 PSYoungGen      total 28672K, used 24576K [0x000000076ab00000, 0x000000076cb00000, 0x00000007c0000000)
  eden space 24576K, 100% used [0x000000076ab00000,0x000000076c300000,0x000000076c300000)
  from space 4096K, 0% used [0x000000076c700000,0x000000076c700000,0x000000076cb00000)
  to   space 4096K, 0% used [0x000000076c300000,0x000000076c300000,0x000000076c700000)
 ParOldGen       total 65536K, used 0K [0x00000006c0000000, 0x00000006c4000000, 0x000000076ab00000)
  object space 65536K, 0% used [0x00000006c0000000,0x00000006c0000000,0x00000006c4000000)
 Metaspace       used 3427K, capacity 4720K, committed 4864K, reserved 1056768K
  class space    used 373K, capacity 424K, committed 512K, reserved 1048576K
Event: 0.227 GC heap after
Heap after GC invocations=1 (full 0):
 PSYoungGen      total 28672K, used 3589K [0x000000076ab00000, 0x000000076e300000, 0x00000007c0000000)
  eden space 24576K, 0% used [0x000000076ab00000,0x000000076ab00000,0x000000076c300000)
  from space 4096K, 87% used [0x000000076c300000,0x000000076c681560,0x000000076c700000)
  to   space 4096K, 0% used [0x000000076df00000,0x000000076df00000,0x000000076e300000)
 ParOldGen       total 65536K, used 8K [0x00000006c0000000, 0x00000006c4000000, 0x000000076ab00000)
  object space 65536K, 0% used [0x00000006c0000000,0x00000006c0002000,0x00000006c4000000)
 Metaspace       used 3427K, capacity 4720K, committed 4864K, reserved 1056768K
  class space    used 373K, capacity 424K, committed 512K, reserved 1048576K
}
Event: 0.253 GC heap before
{Heap before GC invocations=2 (full 0):
 PSYoungGen      total 28672K, used 28165K [0x000000076ab00000, 0x000000076e300000, 0x00000007c0000000)
  eden space 24576K, 100% used [0x000000076ab00000,0x000000076c300000,0x000000076c300000)
  from space 4096K, 87% used [0x000000076c300000,0x000000076c681560,0x000000076c700000)
  to   space 4096K, 0% used [0x000000076df00000,0x000000076df00000,0x000000076e300000)
 ParOldGen       total 65536K, used 8K [0x00000006c0000000, 0x00000006c4000000, 0x000000076ab00000)
  object space 65536K, 0% used [0x00000006c0000000,0x00000006c0002000,0x00000006c4000000)
 Metaspace       used 3431K, capacity 4720K, committed 4864K, reserved 1056768K
  class space    used 373K, capacity 424K, committed 512K, reserved 1048576K
Event: 0.259 GC heap after
Heap after GC invocations=2 (full 0):
 PSYoungGen      total 53248K, used 3350K [0x000000076ab00000, 0x000000076e300000, 0x00000007c0000000)
  eden space 49152K, 0% used [0x000000076ab00000,0x000000076ab00000,0x000000076db00000)
  from space 4096K, 81% used [0x000000076df00000,0x000000076e245bc8,0x000000076e300000)
  to   space 4096K, 0% used [0x000000076db00000,0x000000076db00000,0x000000076df00000)
 ParOldGen       total 65536K, used 8K [0x00000006c0000000, 0x00000006c4000000, 0x000000076ab00000)
  object space 65536K, 0% used [0x00000006c0000000,0x00000006c0002000,0x00000006c4000000)
 Metaspace       used 3431K, capacity 4720K, committed 4864K, reserved 1056768K
  class space    used 373K, capacity 424K, committed 512K, reserved 1048576K
}
Event: 0.301 GC heap before
{Heap before GC invocations=3 (full 0):
 PSYoungGen      total 53248K, used 52502K [0x000000076ab00000, 0x000000076e300000, 0x00000007c0000000)
  eden space 49152K, 100% used [0x000000076ab00000,0x000000076db00000,0x000000076db00000)
  from space 4096K, 81% used [0x000000076df00000,0x000000076e245bc8,0x000000076e300000)
  to   space 4096K, 0% used [0x000000076db00000,0x000000076db00000,0x000000076df00000)
 ParOldGen       total 65536K, used 8K [0x00000006c0000000, 0x00000006c4000000, 0x000000076ab00000)
  object space 65536K, 0% used [0x00000006c0000000,0x00000006c0002000,0x00000006c4000000)
 Metaspace       used 3435K, capacity 4720K, committed 4864K, reserved 1056768K
  class space    used 373K, capacity 424K, committed 512K, reserved 1048576K
Event: 0.322 GC heap after
Heap after GC invocations=3 (full 0):
 PSYoungGen      total 53248K, used 3366K [0x000000076ab00000, 0x0000000771300000, 0x00000007c0000000)
  eden space 49152K, 0% used [0x000000076ab00000,0x000000076ab00000,0x000000076db00000)
  from space 4096K, 82% used [0x000000076db00000,0x000000076de49bb8,0x000000076df00000)
  to   space 4096K, 0% used [0x0000000770f00000,0x0000000770f00000,0x0000000771300000)
 ParOldGen       total 65536K, used 8K [0x00000006c0000000, 0x00000006c4000000, 0x000000076ab00000)
  object space 65536K, 0% used [0x00000006c0000000,0x00000006c0002000,0x00000006c4000000)
 Metaspace       used 3435K, capacity 4720K, committed 4864K, reserved 1056768K
  class space    used 373K, capacity 424K, committed 512K, reserved 1048576K
}
Event: 0.366 GC heap before
{Heap before GC invocations=4 (full 0):
 PSYoungGen      total 53248K, used 52518K [0x000000076ab00000, 0x0000000771300000, 0x00000007c0000000)
  eden space 49152K, 100% used [0x000000076ab00000,0x000000076db00000,0x000000076db00000)
  from space 4096K, 82% used [0x000000076db00000,0x000000076de49bb8,0x000000076df00000)
  to   space 4096K, 0% used [0x0000000770f00000,0x0000000770f00000,0x0000000771300000)
 ParOldGen       total 65536K, used 8K [0x00000006c0000000, 0x00000006c4000000, 0x000000076ab00000)
  object space 65536K, 0% used [0x00000006c0000000,0x00000006c0002000,0x00000006c4000000)
 Metaspace       used 3440K, capacity 4720K, committed 4864K, reserved 1056768K
  class space    used 373K, capacity 424K, committed 512K, reserved 1048576K
Event: 0.373 GC heap after
Heap after GC invocations=4 (full 0):
 PSYoungGen      total 102400K, used 3366K [0x000000076ab00000, 0x0000000771300000, 0x00000007c0000000)
  eden space 98304K, 0% used [0x000000076ab00000,0x000000076ab00000,0x0000000770b00000)
  from space 4096K, 82% used [0x0000000770f00000,0x0000000771249bb8,0x0000000771300000)
  to   space 4096K, 0% used [0x0000000770b00000,0x0000000770b00000,0x0000000770f00000)
 ParOldGen       total 65536K, used 8K [0x00000006c0000000, 0x00000006c4000000, 0x000000076ab00000)
  object space 65536K, 0% used [0x00000006c0000000,0x00000006c0002000,0x00000006c4000000)
 Metaspace       used 3440K, capacity 4720K, committed 4864K, reserved 1056768K
  class space    used 373K, capacity 424K, committed 512K, reserved 1048576K
}

